[2016-08-11 21:42:11] name.INFO: Going to AdminController. [] []
[2016-08-11 21:42:11] name.INFO: Passed AdminController security check. [] []
[2016-08-11 21:42:11] name.INFO: AdminController:default - display Index. [] []
[2016-08-11 21:44:04] name.INFO: A form was posted. [] []
[2016-08-11 21:44:04] name.INFO: We have a registration form. [] []
[2016-08-12 09:14:34] name.INFO: Going to AdminController. [] []
[2016-08-12 09:14:34] name.INFO: Passed AdminController security check. [] []
[2016-08-12 09:14:34] name.INFO: AdminController:default - display Index. [] []
[2016-08-12 09:21:32] name.INFO: Going to AdminController. [] []
[2016-08-12 09:21:32] name.INFO: Passed AdminController security check. [] []
[2016-08-12 09:21:32] name.INFO: AdminController:default - display Index. [] []
[2016-08-12 09:21:53] name.INFO: Going to AdminController. [] []
[2016-08-12 09:21:53] name.INFO: Passed AdminController security check. [] []
[2016-08-12 09:21:53] name.INFO: AdminController:default - display Index. [] []
[2016-08-12 09:22:12] name.INFO: Going to AdminController. [] []
[2016-08-12 09:22:12] name.INFO: Passed AdminController security check. [] []
[2016-08-12 09:22:12] name.INFO: AdminController:default - display Index. [] []
[2016-08-12 10:48:30] name.INFO: Going to AdminController. [] []
[2016-08-12 10:48:30] name.INFO: Passed AdminController security check. [] []
[2016-08-12 10:48:30] name.INFO: Passing to ProductController. [] []
[2016-08-12 11:52:44] name.INFO: Going to AdminController. [] []
[2016-08-12 11:52:44] name.INFO: Passed AdminController security check. [] []
[2016-08-12 11:52:44] name.INFO: AdminController:default - display Index. [] []
[2016-08-12 11:54:37] name.INFO: Going to AdminController. [] []
[2016-08-12 11:54:37] name.INFO: Passed AdminController security check. [] []
[2016-08-12 11:54:37] name.INFO: AdminController:default - display Index. [] []
[2016-08-12 14:00:35] name.INFO: Going to AdminController. [] []
[2016-08-12 14:00:35] name.INFO: Passed AdminController security check. [] []
[2016-08-12 14:00:35] name.INFO: AdminController:default - display Index. [] []
[2016-08-12 14:00:42] name.INFO: Going to AdminController. [] []
[2016-08-12 14:00:42] name.INFO: Passed AdminController security check. [] []
[2016-08-12 14:00:42] name.INFO: AdminController:default - display Index. [] []
[2016-08-12 14:01:00] name.INFO: Going to AdminController. [] []
[2016-08-12 14:01:00] name.INFO: Passed AdminController security check. [] []
[2016-08-12 14:01:00] name.INFO: AdminController:default - display Index. [] []
[2016-08-12 14:01:44] name.INFO: Going to AdminController. [] []
[2016-08-12 14:01:44] name.INFO: Passed AdminController security check. [] []
[2016-08-12 14:01:44] name.INFO: AdminController:default - display Index. [] []
[2016-08-12 14:02:00] name.INFO: Going to AdminController. [] []
[2016-08-12 14:02:00] name.INFO: Passed AdminController security check. [] []
[2016-08-12 14:02:00] name.INFO: AdminController:default - display Index. [] []
[2016-08-12 18:31:00] name.INFO: A form was posted. [] []
[2016-08-12 18:31:00] name.INFO: We have a registration form. [] []
[2016-08-12 19:31:09] name.INFO: A form was posted. [] []
[2016-08-12 19:31:09] name.INFO: We have a registration form. [] []
[2016-08-12 19:31:47] name.INFO: A form was posted. [] []
[2016-08-12 19:31:47] name.INFO: We have a registration form. [] []
[2016-08-12 19:32:22] name.INFO: A form was posted. [] []
[2016-08-12 19:32:22] name.INFO: We have a registration form. [] []
[2016-08-12 20:26:36] name.INFO: Going to AdminController. [] []
[2016-08-12 20:26:36] name.INFO: Passed AdminController security check. [] []
[2016-08-12 20:26:36] name.INFO: AdminController:default - display Index. [] []
[2016-08-12 20:26:47] name.INFO: Going to AdminController. [] []
[2016-08-12 20:26:47] name.INFO: Passed AdminController security check. [] []
[2016-08-12 20:26:47] name.INFO: AdminController:default - display Index. [] []
[2016-08-12 20:26:52] name.INFO: Going to AdminController. [] []
[2016-08-12 20:26:52] name.INFO: Passed AdminController security check. [] []
[2016-08-12 20:26:52] name.INFO: Passing to UserController. [] []
[2016-08-12 20:27:02] name.INFO: Going to AdminController. [] []
[2016-08-12 20:27:02] name.INFO: Passed AdminController security check. [] []
[2016-08-12 20:27:02] name.INFO: Passing to UserController. [] []
[2016-08-12 20:27:16] name.INFO: Going to AdminController. [] []
[2016-08-12 20:27:16] name.INFO: Passed AdminController security check. [] []
[2016-08-12 20:27:16] name.INFO: Passing to UserController. [] []
[2016-08-13 13:04:06] name.INFO: Going to AdminController. [] []
[2016-08-13 13:04:06] name.INFO: Passed AdminController security check. [] []
[2016-08-13 13:04:06] name.INFO: AdminController:default - display Index. [] []
[2016-08-13 13:19:02] name.INFO: Going to AdminController. [] []
[2016-08-13 13:19:02] name.INFO: Passed AdminController security check. [] []
[2016-08-13 13:19:02] name.INFO: AdminController:default - display Index. [] []
[2016-08-13 13:22:04] name.INFO: Going to AdminController. [] []
[2016-08-13 13:22:04] name.INFO: Passed AdminController security check. [] []
[2016-08-13 13:22:04] name.INFO: AdminController:default - display Index. [] []
[2016-08-13 13:22:23] name.INFO: Going to AdminController. [] []
[2016-08-13 13:22:23] name.INFO: Passed AdminController security check. [] []
[2016-08-13 13:22:23] name.INFO: AdminController:default - display Index. [] []
[2016-08-13 13:22:58] name.INFO: Going to AdminController. [] []
[2016-08-13 13:22:58] name.INFO: Passed AdminController security check. [] []
[2016-08-13 13:22:58] name.INFO: AdminController:default - display Index. [] []
[2016-08-13 13:23:45] name.INFO: Going to AdminController. [] []
[2016-08-13 13:23:45] name.INFO: Passed AdminController security check. [] []
[2016-08-13 13:23:45] name.INFO: AdminController:default - display Index. [] []
[2016-08-13 13:25:04] name.INFO: Going to AdminController. [] []
[2016-08-13 13:25:04] name.INFO: Passed AdminController security check. [] []
[2016-08-13 13:25:04] name.INFO: AdminController:default - display Index. [] []
[2016-08-13 13:27:13] name.INFO: Going to AdminController. [] []
[2016-08-13 13:27:13] name.INFO: Passed AdminController security check. [] []
[2016-08-13 13:27:13] name.INFO: AdminController:default - display Index. [] []
[2016-08-13 15:11:59] name.INFO: A form was posted. [] []
[2016-08-13 15:11:59] name.INFO: We have a registration form. [] []
[2016-08-13 15:12:53] name.INFO: A form was posted. [] []
[2016-08-13 15:12:53] name.INFO: We have a registration form. [] []
[2016-08-13 15:16:27] name.INFO: A form was posted. [] []
[2016-08-13 15:16:27] name.INFO: We have a registration form. [] []
[2016-08-13 15:18:30] name.INFO: Going to AdminController. [] []
[2016-08-13 15:18:30] name.INFO: Passed AdminController security check. [] []
[2016-08-13 15:18:30] name.INFO: AdminController:default - display Index. [] []
[2016-08-13 15:18:39] name.INFO: Going to AdminController. [] []
[2016-08-13 15:18:39] name.INFO: Passed AdminController security check. [] []
[2016-08-13 15:18:39] name.INFO: Passing to UserController. [] []
[2016-08-13 15:21:28] name.INFO: Going to AdminController. [] []
[2016-08-13 15:21:28] name.INFO: Passed AdminController security check. [] []
[2016-08-13 15:21:28] name.INFO: Passing to UserController. [] []
[2016-08-13 15:24:18] name.INFO: Going to AdminController. [] []
[2016-08-13 15:24:18] name.INFO: Passed AdminController security check. [] []
[2016-08-13 15:24:18] name.INFO: Passing to UserController. [] []
[2016-08-13 15:26:07] name.INFO: Going to AdminController. [] []
[2016-08-13 15:26:07] name.INFO: Passed AdminController security check. [] []
[2016-08-13 15:26:07] name.INFO: Passing to UserController. [] []
[2016-08-13 15:28:01] name.INFO: Going to AdminController. [] []
[2016-08-13 15:28:01] name.INFO: Passed AdminController security check. [] []
[2016-08-13 15:28:01] name.INFO: Passing to UserController. [] []
[2016-08-13 15:28:52] name.INFO: Going to AdminController. [] []
[2016-08-13 15:28:52] name.INFO: Passed AdminController security check. [] []
[2016-08-13 15:28:52] name.INFO: Passing to UserController. [] []
[2016-08-13 15:29:35] name.INFO: Going to AdminController. [] []
[2016-08-13 15:29:35] name.INFO: Passed AdminController security check. [] []
[2016-08-13 15:29:35] name.INFO: AdminController:default - display Index. [] []
[2016-08-13 15:29:40] name.INFO: Going to AdminController. [] []
[2016-08-13 15:29:41] name.INFO: Passed AdminController security check. [] []
[2016-08-13 15:29:41] name.INFO: Passing to UserController. [] []
[2016-08-13 15:29:47] name.INFO: Going to AdminController. [] []
[2016-08-13 15:29:47] name.INFO: Passed AdminController security check. [] []
[2016-08-13 15:29:47] name.INFO: Passing to UserController. [] []
[2016-08-13 15:30:00] name.INFO: Going to AdminController. [] []
[2016-08-13 15:30:01] name.INFO: Passed AdminController security check. [] []
[2016-08-13 15:30:01] name.INFO: Passing to UserController. [] []
[2016-08-13 15:30:01] name.INFO: Going to AdminController. [] []
[2016-08-13 15:30:01] name.INFO: Passed AdminController security check. [] []
[2016-08-13 15:30:01] name.INFO: Passing to UserController. [] []
[2016-08-13 15:30:18] name.INFO: Going to AdminController. [] []
[2016-08-13 15:30:18] name.INFO: Passed AdminController security check. [] []
[2016-08-13 15:30:18] name.INFO: Passing to UserController. [] []
[2016-08-13 15:30:18] name.INFO: Going to AdminController. [] []
[2016-08-13 15:30:18] name.INFO: Passed AdminController security check. [] []
[2016-08-13 15:30:18] name.INFO: Passing to UserController. [] []
[2016-08-13 16:12:56] name.INFO: Going to AdminController. [] []
[2016-08-13 16:12:56] name.INFO: Passed AdminController security check. [] []
[2016-08-13 16:12:56] name.INFO: AdminController:default - display Index. [] []
[2016-08-13 16:29:07] name.INFO: Going to AdminController. [] []
[2016-08-13 16:29:07] name.INFO: Passed AdminController security check. [] []
[2016-08-13 16:29:07] name.INFO: AdminController:default - display Index. [] []
[2016-08-13 16:39:18] name.INFO: Going to AdminController. [] []
[2016-08-13 16:39:18] name.INFO: Passed AdminController security check. [] []
[2016-08-13 16:39:18] name.INFO: AdminController:default - display Index. [] []
[2016-08-13 16:40:30] name.INFO: Going to AdminController. [] []
[2016-08-13 16:40:30] name.INFO: Passed AdminController security check. [] []
[2016-08-13 16:40:30] name.INFO: AdminController:default - display Index. [] []
[2016-08-13 16:42:25] name.INFO: Going to AdminController. [] []
[2016-08-13 16:42:25] name.INFO: Passed AdminController security check. [] []
[2016-08-13 16:42:25] name.INFO: AdminController:default - display Index. [] []
[2016-08-13 16:42:57] name.INFO: Going to AdminController. [] []
[2016-08-13 16:42:57] name.INFO: Passed AdminController security check. [] []
[2016-08-13 16:42:57] name.INFO: AdminController:default - display Index. [] []
[2016-08-13 16:43:27] name.INFO: Going to AdminController. [] []
[2016-08-13 16:43:27] name.INFO: Passed AdminController security check. [] []
[2016-08-13 16:43:27] name.INFO: AdminController:default - display Index. [] []
[2016-08-13 16:45:41] name.INFO: Going to AdminController. [] []
[2016-08-13 16:45:41] name.INFO: Passed AdminController security check. [] []
[2016-08-13 16:45:41] name.INFO: AdminController:default - display Index. [] []
[2016-08-13 16:47:32] name.INFO: Going to AdminController. [] []
[2016-08-13 16:47:32] name.INFO: Passed AdminController security check. [] []
[2016-08-13 16:47:32] name.INFO: AdminController:default - display Index. [] []
[2016-08-13 16:47:56] name.INFO: Going to AdminController. [] []
[2016-08-13 16:47:56] name.INFO: Passed AdminController security check. [] []
[2016-08-13 16:47:56] name.INFO: AdminController:default - display Index. [] []
[2016-08-13 16:50:31] name.INFO: Going to AdminController. [] []
[2016-08-13 16:50:31] name.INFO: Passed AdminController security check. [] []
[2016-08-13 16:50:31] name.INFO: AdminController:default - display Index. [] []
[2016-08-13 16:51:49] name.INFO: Going to AdminController. [] []
[2016-08-13 16:51:49] name.INFO: Passed AdminController security check. [] []
[2016-08-13 16:51:49] name.INFO: AdminController:default - display Index. [] []
[2016-08-13 16:53:11] name.INFO: Going to AdminController. [] []
[2016-08-13 16:53:11] name.INFO: Passed AdminController security check. [] []
[2016-08-13 16:53:11] name.INFO: AdminController:default - display Index. [] []
[2016-08-13 16:53:31] name.INFO: Going to AdminController. [] []
[2016-08-13 16:53:31] name.INFO: Passed AdminController security check. [] []
[2016-08-13 16:53:31] name.INFO: AdminController:default - display Index. [] []
[2016-08-13 16:53:44] name.INFO: Going to AdminController. [] []
[2016-08-13 16:53:44] name.INFO: Passed AdminController security check. [] []
[2016-08-13 16:53:44] name.INFO: AdminController:default - display Index. [] []
[2016-08-13 16:54:07] name.INFO: Going to AdminController. [] []
[2016-08-13 16:54:07] name.INFO: Passed AdminController security check. [] []
[2016-08-13 16:54:07] name.INFO: AdminController:default - display Index. [] []
[2016-08-13 16:54:28] name.INFO: Going to AdminController. [] []
[2016-08-13 16:54:28] name.INFO: Passed AdminController security check. [] []
[2016-08-13 16:54:28] name.INFO: AdminController:default - display Index. [] []
[2016-08-13 16:54:43] name.INFO: Going to AdminController. [] []
[2016-08-13 16:54:43] name.INFO: Passed AdminController security check. [] []
[2016-08-13 16:54:43] name.INFO: Passing to UserController. [] []
[2016-08-13 16:54:54] name.INFO: Going to AdminController. [] []
[2016-08-13 16:54:54] name.INFO: Passed AdminController security check. [] []
[2016-08-13 16:54:54] name.INFO: AdminController:default - display Index. [] []
[2016-08-13 16:54:59] name.INFO: Going to AdminController. [] []
[2016-08-13 16:54:59] name.INFO: Passed AdminController security check. [] []
[2016-08-13 16:54:59] name.INFO: Passing to UserController. [] []
[2016-08-13 16:56:12] name.INFO: Going to AdminController. [] []
[2016-08-13 16:56:12] name.INFO: Passed AdminController security check. [] []
[2016-08-13 16:56:12] name.INFO: AdminController:default - display Index. [] []
[2016-08-13 16:58:51] name.INFO: Going to AdminController. [] []
[2016-08-13 16:58:51] name.INFO: Passed AdminController security check. [] []
[2016-08-13 16:58:51] name.INFO: Passing to UserController. [] []
[2016-08-13 17:00:43] name.INFO: Going to AdminController. [] []
[2016-08-13 17:00:43] name.INFO: Passed AdminController security check. [] []
[2016-08-13 17:00:43] name.INFO: AdminController:default - display Index. [] []
[2016-08-13 17:00:53] name.INFO: Going to AdminController. [] []
[2016-08-13 17:00:53] name.INFO: Passed AdminController security check. [] []
[2016-08-13 17:00:53] name.INFO: Passing to UserController. [] []
[2016-08-13 17:03:09] name.INFO: Going to AdminController. [] []
[2016-08-13 17:03:09] name.INFO: Passed AdminController security check. [] []
[2016-08-13 17:03:09] name.INFO: Passing to UserController. [] []
[2016-08-13 17:03:17] name.INFO: Going to AdminController. [] []
[2016-08-13 17:03:17] name.INFO: Passed AdminController security check. [] []
[2016-08-13 17:03:17] name.INFO: Passing to UserController. [] []
[2016-08-13 17:03:21] name.INFO: Going to AdminController. [] []
[2016-08-13 17:03:21] name.INFO: Passed AdminController security check. [] []
[2016-08-13 17:03:21] name.INFO: Passing to UserController. [] []
[2016-08-13 17:03:37] name.INFO: Going to AdminController. [] []
[2016-08-13 17:03:37] name.INFO: Passed AdminController security check. [] []
[2016-08-13 17:03:37] name.INFO: Passing to UserController. [] []
[2016-08-13 17:10:50] name.INFO: Going to AdminController. [] []
[2016-08-13 17:10:50] name.INFO: Passed AdminController security check. [] []
[2016-08-13 17:10:50] name.INFO: AdminController:default - display Index. [] []
[2016-08-13 17:10:57] name.INFO: Going to AdminController. [] []
[2016-08-13 17:10:57] name.INFO: Passed AdminController security check. [] []
[2016-08-13 17:10:57] name.INFO: Passing to UserController. [] []
[2016-08-13 17:13:06] name.INFO: Going to AdminController. [] []
[2016-08-13 17:13:06] name.INFO: Passed AdminController security check. [] []
[2016-08-13 17:13:06] name.INFO: AdminController:default - display Index. [] []
[2016-08-13 17:13:16] name.INFO: Going to AdminController. [] []
[2016-08-13 17:13:16] name.INFO: Passed AdminController security check. [] []
[2016-08-13 17:13:16] name.INFO: Passing to UserController. [] []
[2016-08-13 18:05:28] name.INFO: Going to AdminController. [] []
[2016-08-13 18:05:58] name.INFO: Going to AdminController. [] []
[2016-08-13 18:05:58] name.INFO: Passed AdminController security check. [] []
[2016-08-13 18:05:58] name.INFO: AdminController:default - display Index. [] []
[2016-08-13 18:15:14] name.INFO: Going to AdminController. [] []
[2016-08-13 18:15:14] name.INFO: Passed AdminController security check. [] []
[2016-08-13 18:15:14] name.INFO: AdminController:default - display Index. [] []
[2016-08-13 18:15:25] name.INFO: Going to AdminController. [] []
[2016-08-13 18:15:25] name.INFO: Passed AdminController security check. [] []
[2016-08-13 18:15:25] name.INFO: AdminController:default - display Index. [] []
[2016-08-13 18:15:28] name.INFO: Going to AdminController. [] []
[2016-08-13 18:15:29] name.INFO: Passed AdminController security check. [] []
[2016-08-13 18:15:29] name.INFO: Passing to UserController. [] []
[2016-08-13 18:24:26] name.INFO: Going to AdminController. [] []
[2016-08-13 18:24:26] name.INFO: Passed AdminController security check. [] []
[2016-08-13 18:24:26] name.INFO: Passing to UserController. [] []
[2016-08-13 18:24:31] name.INFO: Going to AdminController. [] []
[2016-08-13 18:24:31] name.INFO: Passed AdminController security check. [] []
[2016-08-13 18:24:31] name.INFO: Passing to UserController. [] []
[2016-08-13 18:33:18] name.INFO: Going to AdminController. [] []
[2016-08-13 18:33:18] name.INFO: Passed AdminController security check. [] []
[2016-08-13 18:33:18] name.INFO: AdminController:default - display Index. [] []
[2016-08-13 18:33:31] name.INFO: Going to AdminController. [] []
[2016-08-13 18:33:31] name.INFO: Passed AdminController security check. [] []
[2016-08-13 18:33:31] name.INFO: AdminController:default - display Index. [] []
[2016-08-13 18:33:36] name.INFO: Going to AdminController. [] []
[2016-08-13 18:33:36] name.INFO: Passed AdminController security check. [] []
[2016-08-13 18:33:36] name.INFO: AdminController:default - display Index. [] []
[2016-08-13 18:33:56] name.INFO: Going to AdminController. [] []
[2016-08-13 18:33:56] name.INFO: Passed AdminController security check. [] []
[2016-08-13 18:33:56] name.INFO: AdminController:default - display Index. [] []
[2016-08-13 18:34:00] name.INFO: Going to AdminController. [] []
[2016-08-13 18:34:00] name.INFO: Passed AdminController security check. [] []
[2016-08-13 18:34:00] name.INFO: Passing to UserController. [] []
[2016-08-13 18:41:08] name.INFO: Going to AdminController. [] []
[2016-08-13 18:41:08] name.INFO: Passed AdminController security check. [] []
[2016-08-13 18:41:08] name.INFO: AdminController:default - display Index. [] []
[2016-08-13 21:10:58] name.INFO: Going to AdminController. [] []
[2016-08-13 21:10:58] name.INFO: Passed AdminController security check. [] []
[2016-08-13 21:10:58] name.INFO: AdminController:default - display Index. [] []
[2016-08-13 21:11:03] name.INFO: Going to AdminController. [] []
[2016-08-13 21:11:03] name.INFO: Passed AdminController security check. [] []
[2016-08-13 21:11:03] name.INFO: Passing to UserController. [] []
[2016-08-13 21:15:17] name.INFO: Going to AdminController. [] []
[2016-08-13 21:15:17] name.INFO: Passed AdminController security check. [] []
[2016-08-13 21:15:17] name.INFO: AdminController:default - display Index. [] []
[2016-08-13 21:25:59] name.INFO: Going to AdminController. [] []
[2016-08-13 21:25:59] name.INFO: Passed AdminController security check. [] []
[2016-08-13 21:25:59] name.INFO: AdminController:default - display Index. [] []
[2016-08-13 22:20:13] name.INFO: Going to AdminController. [] []
[2016-08-13 22:21:05] name.INFO: Going to AdminController. [] []
[2016-08-13 22:21:05] name.INFO: Passed AdminController security check. [] []
[2016-08-13 22:21:05] name.INFO: AdminController:default - display Index. [] []
[2016-08-13 22:21:22] name.INFO: Going to AdminController. [] []
[2016-08-13 22:21:22] name.INFO: Passed AdminController security check. [] []
[2016-08-13 22:21:22] name.INFO: AdminController:default - display Index. [] []
[2016-08-13 22:21:28] name.INFO: Going to AdminController. [] []
[2016-08-13 22:21:28] name.INFO: Passed AdminController security check. [] []
[2016-08-13 22:21:28] name.INFO: Passing to UserController. [] []
[2016-08-13 22:24:33] name.INFO: Going to AdminController. [] []
[2016-08-13 22:24:33] name.INFO: Passed AdminController security check. [] []
[2016-08-13 22:24:33] name.INFO: Passing to UserController. [] []
[2016-08-13 22:28:31] name.INFO: Going to AdminController. [] []
[2016-08-13 22:28:31] name.INFO: Passed AdminController security check. [] []
[2016-08-13 22:28:31] name.INFO: AdminController:default - display Index. [] []
[2016-08-13 22:28:37] name.INFO: Going to AdminController. [] []
[2016-08-13 22:28:37] name.INFO: Passed AdminController security check. [] []
[2016-08-13 22:28:37] name.INFO: Passing to PlacementController. [] []
[2016-08-13 22:29:29] name.INFO: Going to AdminController. [] []
[2016-08-13 22:29:29] name.INFO: Passed AdminController security check. [] []
[2016-08-13 22:29:29] name.INFO: Passing to PlacementController. [] []
[2016-08-13 22:29:40] name.INFO: Going to AdminController. [] []
[2016-08-13 22:29:40] name.INFO: Passed AdminController security check. [] []
[2016-08-13 22:29:40] name.INFO: Passing to PlacementController. [] []
[2016-08-13 22:30:08] name.INFO: Going to AdminController. [] []
[2016-08-13 22:30:08] name.INFO: Passed AdminController security check. [] []
[2016-08-13 22:30:09] name.INFO: Passing to UserController. [] []
[2016-08-13 22:30:14] name.INFO: Going to AdminController. [] []
[2016-08-13 22:30:14] name.INFO: Passed AdminController security check. [] []
[2016-08-13 22:30:14] name.INFO: Passing to UserController. [] []
[2016-08-13 22:32:39] name.INFO: Going to AdminController. [] []
[2016-08-13 22:32:39] name.INFO: Passed AdminController security check. [] []
[2016-08-13 22:32:39] name.INFO: Passing to PlacementController. [] []
[2016-08-13 22:32:45] name.INFO: Going to AdminController. [] []
[2016-08-13 22:32:46] name.INFO: Passed AdminController security check. [] []
[2016-08-13 22:32:46] name.INFO: Passing to PlacementController. [] []
[2016-08-13 22:37:02] name.INFO: Going to AdminController. [] []
[2016-08-13 22:37:02] name.INFO: Passed AdminController security check. [] []
[2016-08-13 22:37:02] name.INFO: Passing to PlacementController. [] []
[2016-08-13 22:37:07] name.INFO: Going to AdminController. [] []
[2016-08-13 22:37:07] name.INFO: Passed AdminController security check. [] []
[2016-08-13 22:37:07] name.INFO: Passing to PlacementController. [] []
[2016-08-13 22:39:02] name.INFO: Going to AdminController. [] []
[2016-08-13 22:39:02] name.INFO: Passed AdminController security check. [] []
[2016-08-13 22:39:02] name.INFO: Passing to PlacementController. [] []
[2016-08-13 22:39:13] name.INFO: Going to AdminController. [] []
[2016-08-13 22:39:13] name.INFO: Passed AdminController security check. [] []
[2016-08-13 22:39:13] name.INFO: Passing to PlacementController. [] []
[2016-08-13 22:48:34] name.INFO: Going to AdminController. [] []
[2016-08-13 22:48:34] name.INFO: Passed AdminController security check. [] []
[2016-08-13 22:48:34] name.INFO: Passing to PlacementController. [] []
[2016-08-13 22:48:41] name.INFO: Going to AdminController. [] []
[2016-08-13 22:48:41] name.INFO: Passed AdminController security check. [] []
[2016-08-13 22:48:41] name.INFO: Passing to PlacementController. [] []
[2016-08-13 22:49:38] name.INFO: Going to AdminController. [] []
[2016-08-13 22:49:38] name.INFO: Passed AdminController security check. [] []
[2016-08-13 22:49:38] name.INFO: Passing to PlacementController. [] []
[2016-08-13 22:49:44] name.INFO: Going to AdminController. [] []
[2016-08-13 22:49:44] name.INFO: Passed AdminController security check. [] []
[2016-08-13 22:49:44] name.INFO: Passing to PlacementController. [] []
[2016-08-13 22:49:49] name.INFO: Going to AdminController. [] []
[2016-08-13 22:49:49] name.INFO: Passed AdminController security check. [] []
[2016-08-13 22:49:49] name.INFO: Passing to PlacementController. [] []
[2016-08-13 22:49:57] name.INFO: Going to AdminController. [] []
[2016-08-13 22:49:57] name.INFO: Passed AdminController security check. [] []
[2016-08-13 22:49:57] name.INFO: Passing to UserController. [] []
[2016-08-13 22:50:02] name.INFO: Going to AdminController. [] []
[2016-08-13 22:50:02] name.INFO: Passed AdminController security check. [] []
[2016-08-13 22:50:02] name.INFO: Passing to UserController. [] []
[2016-08-13 22:50:24] name.INFO: Going to AdminController. [] []
[2016-08-13 22:50:24] name.INFO: Passed AdminController security check. [] []
[2016-08-13 22:50:24] name.INFO: Passing to UserController. [] []
[2016-08-13 22:50:29] name.INFO: Going to AdminController. [] []
[2016-08-13 22:50:29] name.INFO: Passed AdminController security check. [] []
[2016-08-13 22:50:29] name.INFO: Passing to UserController. [] []
[2016-08-13 22:52:28] name.INFO: Going to AdminController. [] []
[2016-08-13 22:52:29] name.INFO: Passed AdminController security check. [] []
[2016-08-13 22:52:29] name.INFO: Passing to UserController. [] []
[2016-08-13 22:53:17] name.INFO: Going to AdminController. [] []
[2016-08-13 22:53:17] name.INFO: Passed AdminController security check. [] []
[2016-08-13 22:53:17] name.INFO: AdminController:default - display Index. [] []
[2016-08-13 22:53:48] name.INFO: Going to AdminController. [] []
[2016-08-13 22:53:48] name.INFO: Passed AdminController security check. [] []
[2016-08-13 22:53:48] name.INFO: Passing to PlacementController. [] []
[2016-08-13 22:54:04] name.INFO: Going to AdminController. [] []
[2016-08-13 22:54:04] name.INFO: Passed AdminController security check. [] []
[2016-08-13 22:54:04] name.INFO: Passing to PlacementController. [] []
[2016-08-13 22:54:07] name.INFO: Going to AdminController. [] []
[2016-08-13 22:54:08] name.INFO: Passed AdminController security check. [] []
[2016-08-13 22:54:08] name.INFO: Passing to PlacementController. [] []
[2016-08-13 22:54:13] name.INFO: Going to AdminController. [] []
[2016-08-13 22:54:13] name.INFO: Passed AdminController security check. [] []
[2016-08-13 22:54:13] name.INFO: Passing to PlacementController. [] []
[2016-08-13 22:54:17] name.INFO: Going to AdminController. [] []
[2016-08-13 22:54:18] name.INFO: Passed AdminController security check. [] []
[2016-08-13 22:54:18] name.INFO: Passing to PlacementController. [] []
[2016-08-13 22:56:45] name.INFO: Going to AdminController. [] []
[2016-08-13 22:56:45] name.INFO: Passed AdminController security check. [] []
[2016-08-13 22:56:45] name.INFO: Passing to PlacementController. [] []
[2016-08-13 22:56:50] name.INFO: Going to AdminController. [] []
[2016-08-13 22:56:50] name.INFO: Passed AdminController security check. [] []
[2016-08-13 22:56:50] name.INFO: Passing to PlacementController. [] []
[2016-08-13 23:01:24] name.INFO: Going to AdminController. [] []
[2016-08-13 23:01:24] name.INFO: Passed AdminController security check. [] []
[2016-08-13 23:01:24] name.INFO: Passing to PlacementController. [] []
[2016-08-13 23:01:30] name.INFO: Going to AdminController. [] []
[2016-08-13 23:01:30] name.INFO: Passed AdminController security check. [] []
[2016-08-13 23:01:30] name.INFO: Passing to PlacementController. [] []
[2016-08-13 23:03:35] name.INFO: Going to AdminController. [] []
[2016-08-13 23:03:35] name.INFO: Passed AdminController security check. [] []
[2016-08-13 23:03:35] name.INFO: Passing to PlacementController. [] []
[2016-08-13 23:03:40] name.INFO: Going to AdminController. [] []
[2016-08-13 23:03:40] name.INFO: Passed AdminController security check. [] []
[2016-08-13 23:03:40] name.INFO: Passing to PlacementController. [] []
[2016-08-13 23:07:59] name.INFO: Going to AdminController. [] []
[2016-08-13 23:07:59] name.INFO: Passed AdminController security check. [] []
[2016-08-13 23:07:59] name.INFO: Passing to PlacementController. [] []
[2016-08-13 23:08:03] name.INFO: Going to AdminController. [] []
[2016-08-13 23:08:03] name.INFO: Passed AdminController security check. [] []
[2016-08-13 23:08:03] name.INFO: Passing to PlacementController. [] []
[2016-08-13 23:16:06] name.INFO: Going to AdminController. [] []
[2016-08-13 23:16:06] name.INFO: Passed AdminController security check. [] []
[2016-08-13 23:16:06] name.INFO: Passing to PlacementController. [] []
[2016-08-13 23:16:10] name.INFO: Going to AdminController. [] []
[2016-08-13 23:16:10] name.INFO: Passed AdminController security check. [] []
[2016-08-13 23:16:10] name.INFO: Passing to PlacementController. [] []
[2016-08-13 23:18:28] name.INFO: Going to AdminController. [] []
[2016-08-13 23:18:28] name.INFO: Passed AdminController security check. [] []
[2016-08-13 23:18:28] name.INFO: Passing to PlacementController. [] []
[2016-08-13 23:18:32] name.INFO: Going to AdminController. [] []
[2016-08-13 23:18:32] name.INFO: Passed AdminController security check. [] []
[2016-08-13 23:18:32] name.INFO: Passing to PlacementController. [] []
[2016-08-13 23:18:37] name.INFO: Going to AdminController. [] []
[2016-08-13 23:18:37] name.INFO: Passed AdminController security check. [] []
[2016-08-13 23:18:37] name.INFO: Passing to PlacementController. [] []
[2016-08-13 23:18:41] name.INFO: Going to AdminController. [] []
[2016-08-13 23:18:41] name.INFO: Passed AdminController security check. [] []
[2016-08-13 23:18:41] name.INFO: Passing to PlacementController. [] []
[2016-08-13 23:18:46] name.INFO: Going to AdminController. [] []
[2016-08-13 23:18:46] name.INFO: Passed AdminController security check. [] []
[2016-08-13 23:18:46] name.INFO: Passing to PlacementController. [] []
[2016-08-13 23:18:50] name.INFO: Going to AdminController. [] []
[2016-08-13 23:18:51] name.INFO: Passed AdminController security check. [] []
[2016-08-13 23:18:51] name.INFO: Passing to PlacementController. [] []
[2016-08-13 23:33:34] name.INFO: Going to AdminController. [] []
[2016-08-13 23:33:34] name.INFO: Passed AdminController security check. [] []
[2016-08-13 23:33:34] name.INFO: Passing to PlacementController. [] []
[2016-08-13 23:33:39] name.INFO: Going to AdminController. [] []
[2016-08-13 23:33:39] name.INFO: Passed AdminController security check. [] []
[2016-08-13 23:33:39] name.INFO: Passing to PlacementController. [] []
[2016-08-13 23:38:17] name.INFO: Going to AdminController. [] []
[2016-08-13 23:38:17] name.INFO: Passed AdminController security check. [] []
[2016-08-13 23:38:17] name.INFO: Passing to PlacementController. [] []
[2016-08-13 23:39:16] name.INFO: Going to AdminController. [] []
[2016-08-13 23:39:16] name.INFO: Passed AdminController security check. [] []
[2016-08-13 23:39:16] name.INFO: Passing to PlacementController. [] []
[2016-08-13 23:39:45] name.INFO: Going to AdminController. [] []
[2016-08-13 23:39:45] name.INFO: Passed AdminController security check. [] []
[2016-08-13 23:39:45] name.INFO: Passing to PlacementController. [] []
[2016-08-13 23:40:03] name.INFO: Going to AdminController. [] []
[2016-08-13 23:40:03] name.INFO: Passed AdminController security check. [] []
[2016-08-13 23:40:03] name.INFO: Passing to PlacementController. [] []
[2016-08-13 23:40:39] name.INFO: Going to AdminController. [] []
[2016-08-13 23:40:39] name.INFO: Passed AdminController security check. [] []
[2016-08-13 23:40:39] name.INFO: Passing to PlacementController. [] []
[2016-08-13 23:41:27] name.INFO: Going to AdminController. [] []
[2016-08-13 23:41:27] name.INFO: Passed AdminController security check. [] []
[2016-08-13 23:41:27] name.INFO: Passing to PlacementController. [] []
[2016-08-13 23:41:54] name.INFO: Going to AdminController. [] []
[2016-08-13 23:41:54] name.INFO: Passed AdminController security check. [] []
[2016-08-13 23:41:54] name.INFO: Passing to PlacementController. [] []
[2016-08-13 23:44:16] name.INFO: Going to AdminController. [] []
[2016-08-13 23:44:17] name.INFO: Passed AdminController security check. [] []
[2016-08-13 23:44:17] name.INFO: Passing to PlacementController. [] []
[2016-08-13 23:44:48] name.INFO: Going to AdminController. [] []
[2016-08-13 23:44:49] name.INFO: Passed AdminController security check. [] []
[2016-08-13 23:44:49] name.INFO: Passing to PlacementController. [] []
[2016-08-13 23:45:49] name.INFO: Going to AdminController. [] []
[2016-08-13 23:45:50] name.INFO: Passed AdminController security check. [] []
[2016-08-13 23:45:50] name.INFO: AdminController:default - display Index. [] []
[2016-08-13 23:45:53] name.INFO: Going to AdminController. [] []
[2016-08-13 23:45:53] name.INFO: Passed AdminController security check. [] []
[2016-08-13 23:45:53] name.INFO: Passing to PlacementController. [] []
[2016-08-13 23:45:59] name.INFO: Going to AdminController. [] []
[2016-08-13 23:45:59] name.INFO: Passed AdminController security check. [] []
[2016-08-13 23:45:59] name.INFO: Passing to PlacementController. [] []
[2016-08-13 23:46:05] name.INFO: Going to AdminController. [] []
[2016-08-13 23:46:05] name.INFO: Passed AdminController security check. [] []
[2016-08-13 23:46:05] name.INFO: Passing to UserController. [] []
[2016-08-13 23:46:15] name.INFO: Going to AdminController. [] []
[2016-08-13 23:46:15] name.INFO: Passed AdminController security check. [] []
[2016-08-13 23:46:15] name.INFO: Passing to PlacementController. [] []
[2016-08-13 23:47:01] name.INFO: Going to AdminController. [] []
[2016-08-13 23:47:01] name.INFO: Passed AdminController security check. [] []
[2016-08-13 23:47:01] name.INFO: Passing to PlacementController. [] []
[2016-08-13 23:47:09] name.INFO: Going to AdminController. [] []
[2016-08-13 23:47:09] name.INFO: Passed AdminController security check. [] []
[2016-08-13 23:47:09] name.INFO: Passing to UserController. [] []
[2016-08-13 23:47:33] name.INFO: Going to AdminController. [] []
[2016-08-13 23:47:33] name.INFO: Passed AdminController security check. [] []
[2016-08-13 23:47:33] name.INFO: Passing to UserController. [] []
[2016-08-13 23:47:58] name.INFO: Going to AdminController. [] []
[2016-08-13 23:47:58] name.INFO: Passed AdminController security check. [] []
[2016-08-13 23:47:58] name.INFO: Passing to PlacementController. [] []
[2016-08-13 23:48:19] name.INFO: Going to AdminController. [] []
[2016-08-13 23:48:19] name.INFO: Passed AdminController security check. [] []
[2016-08-13 23:48:19] name.INFO: Passing to PlacementController. [] []
[2016-08-13 23:48:39] name.INFO: Going to AdminController. [] []
[2016-08-13 23:48:39] name.INFO: Passed AdminController security check. [] []
[2016-08-13 23:48:39] name.INFO: Passing to UserController. [] []
[2016-08-13 23:48:48] name.INFO: Going to AdminController. [] []
[2016-08-13 23:48:48] name.INFO: Passed AdminController security check. [] []
[2016-08-13 23:48:48] name.INFO: Passing to PlacementController. [] []
[2016-08-13 23:49:26] name.INFO: Going to AdminController. [] []
[2016-08-13 23:49:26] name.INFO: Passed AdminController security check. [] []
[2016-08-13 23:49:26] name.INFO: Passing to PlacementController. [] []
[2016-08-13 23:50:47] name.INFO: Going to AdminController. [] []
[2016-08-13 23:50:47] name.INFO: Passed AdminController security check. [] []
[2016-08-13 23:50:47] name.INFO: Passing to PlacementController. [] []
[2016-08-13 23:51:21] name.INFO: Going to AdminController. [] []
[2016-08-13 23:51:21] name.INFO: Passed AdminController security check. [] []
[2016-08-13 23:51:21] name.INFO: AdminController:default - display Index. [] []
[2016-08-13 23:51:27] name.INFO: Going to AdminController. [] []
[2016-08-13 23:51:27] name.INFO: Passed AdminController security check. [] []
[2016-08-13 23:51:27] name.INFO: Passing to UserController. [] []
[2016-08-13 23:51:35] name.INFO: Going to AdminController. [] []
[2016-08-13 23:51:35] name.INFO: Passed AdminController security check. [] []
[2016-08-13 23:51:35] name.INFO: Passing to PlacementController. [] []
[2016-08-13 23:51:45] name.INFO: Going to AdminController. [] []
[2016-08-13 23:51:45] name.INFO: Passed AdminController security check. [] []
[2016-08-13 23:51:45] name.INFO: Passing to UserController. [] []
[2016-08-13 23:53:26] name.INFO: Going to AdminController. [] []
[2016-08-13 23:53:26] name.INFO: Passed AdminController security check. [] []
[2016-08-13 23:53:26] name.INFO: Passing to UserController. [] []
[2016-08-13 23:53:40] name.INFO: Going to AdminController. [] []
[2016-08-13 23:53:40] name.INFO: Passed AdminController security check. [] []
[2016-08-13 23:53:40] name.INFO: Passing to PlacementController. [] []
[2016-08-13 23:54:05] name.INFO: Going to AdminController. [] []
[2016-08-13 23:54:05] name.INFO: Passed AdminController security check. [] []
[2016-08-13 23:54:05] name.INFO: Passing to PlacementController. [] []
[2016-08-13 23:54:36] name.INFO: Going to AdminController. [] []
[2016-08-13 23:54:36] name.INFO: Passed AdminController security check. [] []
[2016-08-13 23:54:36] name.INFO: Passing to PlacementController. [] []
[2016-08-13 23:55:05] name.INFO: Going to AdminController. [] []
[2016-08-13 23:55:05] name.INFO: Passed AdminController security check. [] []
[2016-08-13 23:55:05] name.INFO: Passing to PlacementController. [] []
[2016-08-13 23:55:09] name.INFO: Going to AdminController. [] []
[2016-08-13 23:55:09] name.INFO: Passed AdminController security check. [] []
[2016-08-13 23:55:09] name.INFO: Passing to PlacementController. [] []
[2016-08-13 23:55:34] name.INFO: Going to AdminController. [] []
[2016-08-13 23:55:34] name.INFO: Passed AdminController security check. [] []
[2016-08-13 23:55:34] name.INFO: Passing to PlacementController. [] []
[2016-08-13 23:55:58] name.INFO: Going to AdminController. [] []
[2016-08-13 23:55:58] name.INFO: Passed AdminController security check. [] []
[2016-08-13 23:55:58] name.INFO: Passing to PlacementController. [] []
[2016-08-13 23:56:13] name.INFO: Going to AdminController. [] []
[2016-08-13 23:56:13] name.INFO: Passed AdminController security check. [] []
[2016-08-13 23:56:13] name.INFO: Passing to PlacementController. [] []
[2016-08-13 23:56:31] name.INFO: Going to AdminController. [] []
[2016-08-13 23:56:31] name.INFO: Passed AdminController security check. [] []
[2016-08-13 23:56:31] name.INFO: Passing to PlacementController. [] []
[2016-08-13 23:57:16] name.INFO: Going to AdminController. [] []
[2016-08-13 23:57:16] name.INFO: Passed AdminController security check. [] []
[2016-08-13 23:57:16] name.INFO: Passing to PlacementController. [] []
[2016-08-13 23:57:39] name.INFO: Going to AdminController. [] []
[2016-08-13 23:57:39] name.INFO: Passed AdminController security check. [] []
[2016-08-13 23:57:39] name.INFO: Passing to UserController. [] []
[2016-08-13 23:58:38] name.INFO: Going to AdminController. [] []
[2016-08-13 23:58:38] name.INFO: Passed AdminController security check. [] []
[2016-08-13 23:58:38] name.INFO: Passing to UserController. [] []
[2016-08-13 23:58:43] name.INFO: Going to AdminController. [] []
[2016-08-13 23:58:43] name.INFO: Passed AdminController security check. [] []
[2016-08-13 23:58:43] name.INFO: Passing to PlacementController. [] []
[2016-08-13 23:58:54] name.INFO: Going to AdminController. [] []
[2016-08-13 23:58:54] name.INFO: Passed AdminController security check. [] []
[2016-08-13 23:58:54] name.INFO: Passing to UserController. [] []
[2016-08-13 23:59:59] name.INFO: Going to AdminController. [] []
[2016-08-13 23:59:59] name.INFO: Passed AdminController security check. [] []
[2016-08-13 23:59:59] name.INFO: Passing to UserController. [] []
[2016-08-14 00:01:19] name.INFO: Going to AdminController. [] []
[2016-08-14 00:01:19] name.INFO: Passed AdminController security check. [] []
[2016-08-14 00:01:19] name.INFO: Passing to UserController. [] []
[2016-08-14 00:02:12] name.INFO: Going to AdminController. [] []
[2016-08-14 00:02:12] name.INFO: Passed AdminController security check. [] []
[2016-08-14 00:02:12] name.INFO: Passing to UserController. [] []
[2016-08-14 00:03:33] name.INFO: Going to AdminController. [] []
[2016-08-14 00:03:33] name.INFO: Passed AdminController security check. [] []
[2016-08-14 00:03:33] name.INFO: Passing to PlacementController. [] []
[2016-08-14 00:04:07] name.INFO: Going to AdminController. [] []
[2016-08-14 00:04:07] name.INFO: Passed AdminController security check. [] []
[2016-08-14 00:04:07] name.INFO: Passing to PlacementController. [] []
[2016-08-14 00:04:10] name.INFO: Going to AdminController. [] []
[2016-08-14 00:04:11] name.INFO: Passed AdminController security check. [] []
[2016-08-14 00:04:11] name.INFO: Passing to PlacementController. [] []
[2016-08-14 00:04:14] name.INFO: Going to AdminController. [] []
[2016-08-14 00:04:15] name.INFO: Passed AdminController security check. [] []
[2016-08-14 00:04:15] name.INFO: Passing to PlacementController. [] []
[2016-08-14 00:04:16] name.INFO: Going to AdminController. [] []
[2016-08-14 00:04:16] name.INFO: Passed AdminController security check. [] []
[2016-08-14 00:04:16] name.INFO: Passing to PlacementController. [] []
[2016-08-14 00:04:41] name.INFO: Going to AdminController. [] []
[2016-08-14 00:04:41] name.INFO: Passed AdminController security check. [] []
[2016-08-14 00:04:41] name.INFO: Passing to PlacementController. [] []
[2016-08-14 00:04:45] name.INFO: Going to AdminController. [] []
[2016-08-14 00:04:46] name.INFO: Passed AdminController security check. [] []
[2016-08-14 00:04:46] name.INFO: Passing to PlacementController. [] []
[2016-08-14 00:05:11] name.INFO: Going to AdminController. [] []
[2016-08-14 00:05:11] name.INFO: Passed AdminController security check. [] []
[2016-08-14 00:05:11] name.INFO: AdminController:default - display Index. [] []
[2016-08-14 00:05:18] name.INFO: Going to AdminController. [] []
[2016-08-14 00:05:18] name.INFO: Passed AdminController security check. [] []
[2016-08-14 00:05:18] name.INFO: Passing to UserController. [] []
[2016-08-14 00:06:54] name.INFO: Going to AdminController. [] []
[2016-08-14 00:06:54] name.INFO: Passed AdminController security check. [] []
[2016-08-14 00:06:54] name.INFO: Passing to UserController. [] []
[2016-08-14 00:07:07] name.INFO: Going to AdminController. [] []
[2016-08-14 00:07:07] name.INFO: Passed AdminController security check. [] []
[2016-08-14 00:07:07] name.INFO: Passing to UserController. [] []
[2016-08-14 00:07:11] name.INFO: Going to AdminController. [] []
[2016-08-14 00:07:11] name.INFO: Passed AdminController security check. [] []
[2016-08-14 00:07:11] name.INFO: Passing to UserController. [] []
[2016-08-14 00:07:30] name.INFO: Going to AdminController. [] []
[2016-08-14 00:07:30] name.INFO: Passed AdminController security check. [] []
[2016-08-14 00:07:30] name.INFO: Passing to UserController. [] []
[2016-08-14 00:07:34] name.INFO: Going to AdminController. [] []
[2016-08-14 00:07:35] name.INFO: Passed AdminController security check. [] []
[2016-08-14 00:07:35] name.INFO: Passing to UserController. [] []
[2016-08-14 00:07:43] name.INFO: Going to AdminController. [] []
[2016-08-14 00:07:43] name.INFO: Passed AdminController security check. [] []
[2016-08-14 00:07:43] name.INFO: Passing to UserController. [] []
[2016-08-14 00:07:49] name.INFO: Going to AdminController. [] []
[2016-08-14 00:07:49] name.INFO: Passed AdminController security check. [] []
[2016-08-14 00:07:49] name.INFO: Passing to UserController. [] []
[2016-08-14 00:07:55] name.INFO: Going to AdminController. [] []
[2016-08-14 00:07:55] name.INFO: Passed AdminController security check. [] []
[2016-08-14 00:07:55] name.INFO: Passing to UserController. [] []
[2016-08-14 00:08:02] name.INFO: Going to AdminController. [] []
[2016-08-14 00:08:02] name.INFO: Passed AdminController security check. [] []
[2016-08-14 00:08:02] name.INFO: Passing to UserController. [] []
[2016-08-14 00:08:02] name.INFO: Going to AdminController. [] []
[2016-08-14 00:08:02] name.INFO: Passed AdminController security check. [] []
[2016-08-14 00:08:02] name.INFO: Passing to UserController. [] []
[2016-08-14 00:14:50] name.INFO: Going to AdminController. [] []
[2016-08-14 00:14:50] name.INFO: Passed AdminController security check. [] []
[2016-08-14 00:14:50] name.INFO: AdminController:default - display Index. [] []
[2016-08-14 00:14:57] name.INFO: Going to AdminController. [] []
[2016-08-14 00:14:57] name.INFO: Passed AdminController security check. [] []
[2016-08-14 00:14:57] name.INFO: Passing to UserController. [] []
[2016-08-14 00:15:15] name.INFO: Going to AdminController. [] []
[2016-08-14 00:15:15] name.INFO: Passed AdminController security check. [] []
[2016-08-14 00:15:15] name.INFO: Passing to UserController. [] []
[2016-08-14 00:15:31] name.INFO: Going to AdminController. [] []
[2016-08-14 00:15:31] name.INFO: Passed AdminController security check. [] []
[2016-08-14 00:15:31] name.INFO: Passing to PlacementController. [] []
[2016-08-14 00:15:47] name.INFO: Going to AdminController. [] []
[2016-08-14 00:15:47] name.INFO: Passed AdminController security check. [] []
[2016-08-14 00:15:47] name.INFO: Passing to PlacementController. [] []
[2016-08-14 00:15:52] name.INFO: Going to AdminController. [] []
[2016-08-14 00:15:52] name.INFO: Passed AdminController security check. [] []
[2016-08-14 00:15:52] name.INFO: Passing to PlacementController. [] []
[2016-08-14 00:27:32] name.INFO: Going to AdminController. [] []
[2016-08-14 00:27:33] name.INFO: Passed AdminController security check. [] []
[2016-08-14 00:27:33] name.INFO: Passing to PlacementController. [] []
[2016-08-14 00:27:38] name.INFO: Going to AdminController. [] []
[2016-08-14 00:27:38] name.INFO: Passed AdminController security check. [] []
[2016-08-14 00:27:38] name.INFO: Passing to PlacementController. [] []
[2016-08-14 00:27:43] name.INFO: Going to AdminController. [] []
[2016-08-14 00:27:43] name.INFO: Passed AdminController security check. [] []
[2016-08-14 00:27:43] name.INFO: Passing to PlacementController. [] []
[2016-08-14 00:27:48] name.INFO: Going to AdminController. [] []
[2016-08-14 00:27:48] name.INFO: Passed AdminController security check. [] []
[2016-08-14 00:27:48] name.INFO: Passing to PlacementController. [] []
[2016-08-14 00:53:02] name.INFO: Going to AdminController. [] []
[2016-08-14 00:53:02] name.INFO: Passed AdminController security check. [] []
[2016-08-14 00:53:02] name.INFO: AdminController:default - display Index. [] []
[2016-08-14 00:53:07] name.INFO: Going to AdminController. [] []
[2016-08-14 00:53:07] name.INFO: Passed AdminController security check. [] []
[2016-08-14 00:53:07] name.INFO: Passing to PlacementController. [] []
[2016-08-14 00:53:15] name.INFO: Going to AdminController. [] []
[2016-08-14 00:53:15] name.INFO: Passed AdminController security check. [] []
[2016-08-14 00:53:15] name.INFO: Passing to PlacementController. [] []
[2016-08-14 00:53:28] name.INFO: Going to AdminController. [] []
[2016-08-14 00:53:29] name.INFO: Passed AdminController security check. [] []
[2016-08-14 00:53:29] name.INFO: Passing to PlacementController. [] []
[2016-08-14 00:53:38] name.INFO: Going to AdminController. [] []
[2016-08-14 00:53:38] name.INFO: Passed AdminController security check. [] []
[2016-08-14 00:53:38] name.INFO: Passing to PlacementController. [] []
[2016-08-14 00:54:18] name.INFO: Going to AdminController. [] []
[2016-08-14 00:54:18] name.INFO: Passed AdminController security check. [] []
[2016-08-14 00:54:18] name.INFO: Passing to PlacementController. [] []
[2016-08-14 00:54:37] name.INFO: Going to AdminController. [] []
[2016-08-14 00:54:37] name.INFO: Passed AdminController security check. [] []
[2016-08-14 00:54:37] name.INFO: Passing to PlacementController. [] []
[2016-08-14 00:54:45] name.INFO: Going to AdminController. [] []
[2016-08-14 00:54:45] name.INFO: Passed AdminController security check. [] []
[2016-08-14 00:54:45] name.INFO: Passing to PlacementController. [] []
[2016-08-14 00:54:56] name.INFO: Going to AdminController. [] []
[2016-08-14 00:54:56] name.INFO: Passed AdminController security check. [] []
[2016-08-14 00:54:56] name.INFO: Passing to PlacementController. [] []
[2016-08-14 00:55:05] name.INFO: Going to AdminController. [] []
[2016-08-14 00:55:06] name.INFO: Passed AdminController security check. [] []
[2016-08-14 00:55:06] name.INFO: Passing to UserController. [] []
[2016-08-14 00:55:12] name.INFO: Going to AdminController. [] []
[2016-08-14 00:55:12] name.INFO: Passed AdminController security check. [] []
[2016-08-14 00:55:12] name.INFO: Passing to UserController. [] []
[2016-08-14 00:55:18] name.INFO: Going to AdminController. [] []
[2016-08-14 00:55:18] name.INFO: Passed AdminController security check. [] []
[2016-08-14 00:55:18] name.INFO: Passing to UserController. [] []
[2016-08-14 00:55:23] name.INFO: Going to AdminController. [] []
[2016-08-14 00:55:23] name.INFO: Passed AdminController security check. [] []
[2016-08-14 00:55:23] name.INFO: Passing to PlacementController. [] []
[2016-08-14 00:55:27] name.INFO: Going to AdminController. [] []
[2016-08-14 00:55:27] name.INFO: Passed AdminController security check. [] []
[2016-08-14 00:55:27] name.INFO: Passing to PlacementController. [] []
[2016-08-14 00:55:38] name.INFO: Going to AdminController. [] []
[2016-08-14 00:55:38] name.INFO: Passed AdminController security check. [] []
[2016-08-14 00:55:38] name.INFO: Passing to PlacementController. [] []
[2016-08-14 00:56:13] name.INFO: Going to AdminController. [] []
[2016-08-14 00:56:13] name.INFO: Passed AdminController security check. [] []
[2016-08-14 00:56:13] name.INFO: Passing to PlacementController. [] []
[2016-08-14 00:57:37] name.INFO: Going to AdminController. [] []
[2016-08-14 00:57:38] name.INFO: Passed AdminController security check. [] []
[2016-08-14 00:57:38] name.INFO: Passing to PlacementController. [] []
[2016-08-14 01:01:02] name.INFO: Going to AdminController. [] []
[2016-08-14 01:01:02] name.INFO: Passed AdminController security check. [] []
[2016-08-14 01:01:02] name.INFO: Passing to PlacementController. [] []
[2016-08-14 01:01:14] name.INFO: Going to AdminController. [] []
[2016-08-14 01:01:14] name.INFO: Passed AdminController security check. [] []
[2016-08-14 01:01:14] name.INFO: Passing to PlacementController. [] []
[2016-08-14 01:01:20] name.INFO: Going to AdminController. [] []
[2016-08-14 01:01:20] name.INFO: Passed AdminController security check. [] []
[2016-08-14 01:01:20] name.INFO: Passing to PlacementController. [] []
[2016-08-14 01:02:38] name.INFO: Going to AdminController. [] []
[2016-08-14 01:02:38] name.INFO: Passed AdminController security check. [] []
[2016-08-14 01:02:38] name.INFO: Passing to PlacementController. [] []
[2016-08-14 01:04:02] name.INFO: Going to AdminController. [] []
[2016-08-14 01:04:02] name.INFO: Passed AdminController security check. [] []
[2016-08-14 01:04:02] name.INFO: Passing to PlacementController. [] []
[2016-08-14 01:06:02] name.INFO: Going to AdminController. [] []
[2016-08-14 01:06:02] name.INFO: Passed AdminController security check. [] []
[2016-08-14 01:06:02] name.INFO: Passing to PlacementController. [] []
[2016-08-14 01:06:07] name.INFO: Going to AdminController. [] []
[2016-08-14 01:06:07] name.INFO: Passed AdminController security check. [] []
[2016-08-14 01:06:07] name.INFO: Passing to PlacementController. [] []
[2016-08-14 01:06:52] name.INFO: Going to AdminController. [] []
[2016-08-14 01:06:52] name.INFO: Passed AdminController security check. [] []
[2016-08-14 01:06:52] name.INFO: Passing to PlacementController. [] []
[2016-08-14 01:06:57] name.INFO: Going to AdminController. [] []
[2016-08-14 01:06:57] name.INFO: Passed AdminController security check. [] []
[2016-08-14 01:06:57] name.INFO: Passing to PlacementController. [] []
[2016-08-14 01:08:13] name.INFO: Going to AdminController. [] []
[2016-08-14 01:08:13] name.INFO: Passed AdminController security check. [] []
[2016-08-14 01:08:13] name.INFO: Passing to PlacementController. [] []
[2016-08-14 01:09:13] name.INFO: Going to AdminController. [] []
[2016-08-14 01:09:14] name.INFO: Passed AdminController security check. [] []
[2016-08-14 01:09:14] name.INFO: Passing to PlacementController. [] []
[2016-08-14 01:09:19] name.INFO: Going to AdminController. [] []
[2016-08-14 01:09:19] name.INFO: Passed AdminController security check. [] []
[2016-08-14 01:09:19] name.INFO: Passing to PlacementController. [] []
[2016-08-14 01:09:47] name.INFO: Going to AdminController. [] []
[2016-08-14 01:09:47] name.INFO: Passed AdminController security check. [] []
[2016-08-14 01:09:47] name.INFO: Passing to PlacementController. [] []
[2016-08-14 01:09:58] name.INFO: Going to AdminController. [] []
[2016-08-14 01:09:58] name.INFO: Passed AdminController security check. [] []
[2016-08-14 01:09:58] name.INFO: Passing to PlacementController. [] []
[2016-08-14 01:10:46] name.INFO: Going to AdminController. [] []
[2016-08-14 01:10:46] name.INFO: Passed AdminController security check. [] []
[2016-08-14 01:10:46] name.INFO: Passing to UserController. [] []
[2016-08-14 01:10:51] name.INFO: Going to AdminController. [] []
[2016-08-14 01:10:51] name.INFO: Passed AdminController security check. [] []
[2016-08-14 01:10:51] name.INFO: Passing to UserController. [] []
[2016-08-14 01:11:42] name.INFO: Going to AdminController. [] []
[2016-08-14 01:11:42] name.INFO: Passed AdminController security check. [] []
[2016-08-14 01:11:42] name.INFO: Passing to UserController. [] []
[2016-08-14 01:11:42] name.INFO: Going to AdminController. [] []
[2016-08-14 01:11:42] name.INFO: Passed AdminController security check. [] []
[2016-08-14 01:11:42] name.INFO: Passing to UserController. [] []
[2016-08-14 01:12:00] name.INFO: Going to AdminController. [] []
[2016-08-14 01:12:00] name.INFO: Passed AdminController security check. [] []
[2016-08-14 01:12:00] name.INFO: Passing to PlacementController. [] []
[2016-08-14 01:12:10] name.INFO: Going to AdminController. [] []
[2016-08-14 01:12:10] name.INFO: Passed AdminController security check. [] []
[2016-08-14 01:12:10] name.INFO: Passing to UserController. [] []
[2016-08-14 01:12:17] name.INFO: Going to AdminController. [] []
[2016-08-14 01:12:17] name.INFO: Passed AdminController security check. [] []
[2016-08-14 01:12:17] name.INFO: Passing to UserController. [] []
[2016-08-14 01:12:44] name.INFO: Going to AdminController. [] []
[2016-08-14 01:12:45] name.INFO: Passed AdminController security check. [] []
[2016-08-14 01:12:45] name.INFO: Passing to UserController. [] []
[2016-08-14 01:12:45] name.INFO: Going to AdminController. [] []
[2016-08-14 01:12:45] name.INFO: Passed AdminController security check. [] []
[2016-08-14 01:12:45] name.INFO: Passing to UserController. [] []
[2016-08-14 01:13:02] name.INFO: Going to AdminController. [] []
[2016-08-14 01:13:02] name.INFO: Passed AdminController security check. [] []
[2016-08-14 01:13:02] name.INFO: Passing to PlacementController. [] []
[2016-08-14 01:14:53] name.INFO: Going to AdminController. [] []
[2016-08-14 01:14:53] name.INFO: Passed AdminController security check. [] []
[2016-08-14 01:14:53] name.INFO: AdminController:default - display Index. [] []
[2016-08-14 01:14:58] name.INFO: Going to AdminController. [] []
[2016-08-14 01:14:58] name.INFO: Passed AdminController security check. [] []
[2016-08-14 01:14:58] name.INFO: Passing to UserController. [] []
[2016-08-14 01:15:17] name.INFO: Going to AdminController. [] []
[2016-08-14 01:15:17] name.INFO: Passed AdminController security check. [] []
[2016-08-14 01:15:17] name.INFO: Passing to PlacementController. [] []
[2016-08-14 01:20:39] name.INFO: Going to AdminController. [] []
[2016-08-14 01:20:39] name.INFO: Passed AdminController security check. [] []
[2016-08-14 01:20:39] name.INFO: AdminController:default - display Index. [] []
[2016-08-14 01:20:43] name.INFO: Going to AdminController. [] []
[2016-08-14 01:20:43] name.INFO: Passed AdminController security check. [] []
[2016-08-14 01:20:43] name.INFO: Passing to PlacementController. [] []
[2016-08-14 01:20:49] name.INFO: Going to AdminController. [] []
[2016-08-14 01:20:49] name.INFO: Passed AdminController security check. [] []
[2016-08-14 01:20:49] name.INFO: Passing to PlacementController. [] []
[2016-08-14 01:21:05] name.INFO: Going to AdminController. [] []
[2016-08-14 01:21:05] name.INFO: Passed AdminController security check. [] []
[2016-08-14 01:21:05] name.INFO: Passing to PlacementController. [] []
[2016-08-14 01:21:05] name.INFO: Going to AdminController. [] []
[2016-08-14 01:21:05] name.INFO: Passed AdminController security check. [] []
[2016-08-14 01:21:05] name.INFO: Passing to PlacementController. [] []
[2016-08-14 01:21:18] name.INFO: Going to AdminController. [] []
[2016-08-14 01:21:18] name.INFO: Passed AdminController security check. [] []
[2016-08-14 01:21:18] name.INFO: Passing to PlacementController. [] []
[2016-08-14 01:23:27] name.INFO: Going to AdminController. [] []
[2016-08-14 01:23:27] name.INFO: Passed AdminController security check. [] []
[2016-08-14 01:23:27] name.INFO: Passing to PlacementController. [] []
[2016-08-14 01:23:27] name.INFO: Going to AdminController. [] []
[2016-08-14 01:23:27] name.INFO: Passed AdminController security check. [] []
[2016-08-14 01:23:27] name.INFO: Passing to PlacementController. [] []
[2016-08-14 01:26:47] name.INFO: Going to AdminController. [] []
[2016-08-14 01:26:47] name.INFO: Passed AdminController security check. [] []
[2016-08-14 01:26:47] name.INFO: Passing to PlacementController. [] []
[2016-08-14 01:27:02] name.INFO: Going to AdminController. [] []
[2016-08-14 01:27:02] name.INFO: Passed AdminController security check. [] []
[2016-08-14 01:27:02] name.INFO: Passing to PlacementController. [] []
[2016-08-14 01:27:02] name.INFO: Going to AdminController. [] []
[2016-08-14 01:27:02] name.INFO: Passed AdminController security check. [] []
[2016-08-14 01:27:02] name.INFO: Passing to PlacementController. [] []
[2016-08-14 01:27:17] name.INFO: Going to AdminController. [] []
[2016-08-14 01:27:17] name.INFO: Passed AdminController security check. [] []
[2016-08-14 01:27:17] name.INFO: Passing to PlacementController. [] []
[2016-08-14 01:27:41] name.INFO: Going to AdminController. [] []
[2016-08-14 01:27:41] name.INFO: Passed AdminController security check. [] []
[2016-08-14 01:27:41] name.INFO: Passing to PlacementController. [] []
[2016-08-14 01:27:42] name.INFO: Going to AdminController. [] []
[2016-08-14 01:27:42] name.INFO: Passed AdminController security check. [] []
[2016-08-14 01:27:42] name.INFO: Passing to PlacementController. [] []
[2016-08-14 01:28:19] name.INFO: Going to AdminController. [] []
[2016-08-14 01:28:19] name.INFO: Passed AdminController security check. [] []
[2016-08-14 01:28:19] name.INFO: Passing to PlacementController. [] []
[2016-08-14 01:28:27] name.INFO: Going to AdminController. [] []
[2016-08-14 01:28:27] name.INFO: Passed AdminController security check. [] []
[2016-08-14 01:28:27] name.INFO: Passing to PlacementController. [] []
[2016-08-14 01:28:32] name.INFO: Going to AdminController. [] []
[2016-08-14 01:28:32] name.INFO: Passed AdminController security check. [] []
[2016-08-14 01:28:32] name.INFO: Passing to PlacementController. [] []
[2016-08-14 01:31:56] name.INFO: Going to AdminController. [] []
[2016-08-14 01:31:56] name.INFO: Passed AdminController security check. [] []
[2016-08-14 01:31:56] name.INFO: Passing to PlacementController. [] []
[2016-08-14 01:32:01] name.INFO: Going to AdminController. [] []
[2016-08-14 01:32:01] name.INFO: Passed AdminController security check. [] []
[2016-08-14 01:32:01] name.INFO: Passing to PlacementController. [] []
[2016-08-14 01:34:39] name.INFO: Going to AdminController. [] []
[2016-08-14 01:34:39] name.INFO: Passed AdminController security check. [] []
[2016-08-14 01:34:39] name.INFO: Passing to PlacementController. [] []
[2016-08-14 01:34:46] name.INFO: Going to AdminController. [] []
[2016-08-14 01:34:46] name.INFO: Passed AdminController security check. [] []
[2016-08-14 01:34:46] name.INFO: Passing to PlacementController. [] []
[2016-08-14 01:35:01] name.INFO: Going to AdminController. [] []
[2016-08-14 01:35:01] name.INFO: Passed AdminController security check. [] []
[2016-08-14 01:35:01] name.INFO: Passing to PlacementController. [] []
[2016-08-14 01:35:47] name.INFO: Going to AdminController. [] []
[2016-08-14 01:35:47] name.INFO: Passed AdminController security check. [] []
[2016-08-14 01:35:47] name.INFO: Passing to UserController. [] []
[2016-08-14 01:35:53] name.INFO: Going to AdminController. [] []
[2016-08-14 01:35:53] name.INFO: Passed AdminController security check. [] []
[2016-08-14 01:35:53] name.INFO: Passing to UserController. [] []
[2016-08-14 01:36:03] name.INFO: Going to AdminController. [] []
[2016-08-14 01:36:03] name.INFO: Passed AdminController security check. [] []
[2016-08-14 01:36:03] name.INFO: Passing to PlacementController. [] []
[2016-08-14 01:36:19] name.INFO: Going to AdminController. [] []
[2016-08-14 01:36:20] name.INFO: Passed AdminController security check. [] []
[2016-08-14 01:36:20] name.INFO: Passing to UserController. [] []
[2016-08-14 13:23:26] name.INFO: Going to AdminController. [] []
[2016-08-14 13:23:27] name.INFO: Passed AdminController security check. [] []
[2016-08-14 13:23:27] name.INFO: AdminController:default - display Index. [] []
[2016-08-14 13:23:30] name.INFO: Going to AdminController. [] []
[2016-08-14 13:23:30] name.INFO: Passed AdminController security check. [] []
[2016-08-14 13:23:30] name.INFO: Passing to UserController. [] []
[2016-08-14 13:23:37] name.INFO: Going to AdminController. [] []
[2016-08-14 13:23:37] name.INFO: Passed AdminController security check. [] []
[2016-08-14 13:23:37] name.INFO: Passing to PlacementController. [] []
[2016-08-14 13:23:53] name.INFO: Going to AdminController. [] []
[2016-08-14 13:23:53] name.INFO: Passed AdminController security check. [] []
[2016-08-14 13:23:53] name.INFO: Passing to PlacementController. [] []
[2016-08-14 13:28:50] name.INFO: Going to AdminController. [] []
[2016-08-14 13:28:50] name.INFO: Passed AdminController security check. [] []
[2016-08-14 13:28:50] name.INFO: Passing to PlacementController. [] []
[2016-08-14 13:28:50] name.INFO: Going to AdminController. [] []
[2016-08-14 13:28:50] name.INFO: Passed AdminController security check. [] []
[2016-08-14 13:28:50] name.INFO: Passing to PlacementController. [] []
[2016-08-14 13:29:40] name.INFO: Going to AdminController. [] []
[2016-08-14 13:29:40] name.INFO: Passed AdminController security check. [] []
[2016-08-14 13:29:40] name.INFO: Passing to UserController. [] []
[2016-08-14 13:29:46] name.INFO: Going to AdminController. [] []
[2016-08-14 13:29:47] name.INFO: Passed AdminController security check. [] []
[2016-08-14 13:29:47] name.INFO: Passing to UserController. [] []
[2016-08-14 13:30:55] name.INFO: Going to AdminController. [] []
[2016-08-14 13:30:55] name.INFO: Passed AdminController security check. [] []
[2016-08-14 13:30:55] name.INFO: Passing to UserController. [] []
[2016-08-14 13:30:55] name.INFO: Going to AdminController. [] []
[2016-08-14 13:30:55] name.INFO: Passed AdminController security check. [] []
[2016-08-14 13:30:55] name.INFO: Passing to UserController. [] []
[2016-08-14 13:31:02] name.INFO: Going to AdminController. [] []
[2016-08-14 13:31:02] name.INFO: Passed AdminController security check. [] []
[2016-08-14 13:31:02] name.INFO: Passing to UserController. [] []
[2016-08-14 13:31:35] name.INFO: Going to AdminController. [] []
[2016-08-14 13:31:35] name.INFO: Passed AdminController security check. [] []
[2016-08-14 13:31:35] name.INFO: Passing to UserController. [] []
[2016-08-14 13:31:35] name.INFO: Going to AdminController. [] []
[2016-08-14 13:31:35] name.INFO: Passed AdminController security check. [] []
[2016-08-14 13:31:35] name.INFO: Passing to UserController. [] []
[2016-08-14 13:32:03] name.INFO: Going to AdminController. [] []
[2016-08-14 13:32:03] name.INFO: Passed AdminController security check. [] []
[2016-08-14 13:32:03] name.INFO: Passing to UserController. [] []
[2016-08-14 13:33:38] name.INFO: Going to AdminController. [] []
[2016-08-14 13:33:38] name.INFO: Passed AdminController security check. [] []
[2016-08-14 13:33:38] name.INFO: Passing to UserController. [] []
[2016-08-14 13:33:39] name.INFO: Going to AdminController. [] []
[2016-08-14 13:33:39] name.INFO: Passed AdminController security check. [] []
[2016-08-14 13:33:39] name.INFO: Passing to UserController. [] []
[2016-08-14 13:33:46] name.INFO: Going to AdminController. [] []
[2016-08-14 13:33:46] name.INFO: Passed AdminController security check. [] []
[2016-08-14 13:33:46] name.INFO: Passing to PlacementController. [] []
[2016-08-14 13:34:07] name.INFO: Going to AdminController. [] []
[2016-08-14 13:34:07] name.INFO: Passed AdminController security check. [] []
[2016-08-14 13:34:07] name.INFO: Passing to UserController. [] []
[2016-08-14 13:34:11] name.INFO: Going to AdminController. [] []
[2016-08-14 13:34:12] name.INFO: Passed AdminController security check. [] []
[2016-08-14 13:34:12] name.INFO: Passing to UserController. [] []
[2016-08-14 13:35:03] name.INFO: Going to AdminController. [] []
[2016-08-14 13:35:03] name.INFO: Passed AdminController security check. [] []
[2016-08-14 13:35:03] name.INFO: Passing to UserController. [] []
[2016-08-14 13:35:03] name.INFO: Going to AdminController. [] []
[2016-08-14 13:35:03] name.INFO: Passed AdminController security check. [] []
[2016-08-14 13:35:03] name.INFO: Passing to UserController. [] []
[2016-08-14 13:35:43] name.INFO: Going to AdminController. [] []
[2016-08-14 13:35:43] name.INFO: Passed AdminController security check. [] []
[2016-08-14 13:35:43] name.INFO: Passing to PlacementController. [] []
[2016-08-14 13:40:45] name.INFO: Going to AdminController. [] []
[2016-08-14 13:40:45] name.INFO: Passed AdminController security check. [] []
[2016-08-14 13:40:45] name.INFO: AdminController:default - display Index. [] []
[2016-08-14 13:41:22] name.INFO: Going to AdminController. [] []
[2016-08-14 13:41:22] name.INFO: Passed AdminController security check. [] []
[2016-08-14 13:41:22] name.INFO: AdminController:default - display Index. [] []
[2016-08-14 13:41:31] name.INFO: Going to AdminController. [] []
[2016-08-14 13:41:31] name.INFO: Passed AdminController security check. [] []
[2016-08-14 13:41:31] name.INFO: Passing to UserController. [] []
[2016-08-14 14:36:01] name.INFO: Going to AdminController. [] []
[2016-08-14 14:36:01] name.INFO: Passed AdminController security check. [] []
[2016-08-14 14:36:01] name.INFO: AdminController:default - display Index. [] []
[2016-08-14 14:36:05] name.INFO: Going to AdminController. [] []
[2016-08-14 14:36:05] name.INFO: Passed AdminController security check. [] []
[2016-08-14 14:36:05] name.INFO: Passing to UserController. [] []
[2016-08-14 14:36:16] name.INFO: Going to AdminController. [] []
[2016-08-14 14:36:16] name.INFO: Passed AdminController security check. [] []
[2016-08-14 14:36:16] name.INFO: Passing to UserController. [] []
[2016-08-14 14:36:25] name.INFO: Going to AdminController. [] []
[2016-08-14 14:36:25] name.INFO: Passed AdminController security check. [] []
[2016-08-14 14:36:25] name.INFO: Passing to PlacementController. [] []
[2016-08-14 20:04:13] name.INFO: Going to DashboardController. [] []
[2016-08-14 20:04:13] name.INFO: Passed DashboardController security check. [] []
[2016-08-14 20:04:13] name.INFO: DashboardController:default - display Dashboard. [] []
[2016-08-14 20:05:30] name.INFO: A form was posted. [] []
[2016-08-14 20:05:30] name.INFO: We have a registration form. [] []
[2016-08-14 20:06:10] name.INFO: Going to DashboardController. [] []
[2016-08-14 20:06:10] name.INFO: Passed DashboardController security check. [] []
[2016-08-14 20:06:10] name.INFO: DashboardController:default - display Dashboard. [] []
[2016-08-14 20:06:47] name.INFO: Going to AdminController. [] []
[2016-08-14 20:06:47] name.INFO: Passed AdminController security check. [] []
[2016-08-14 20:06:47] name.INFO: AdminController:default - display Index. [] []
[2016-08-14 20:06:52] name.INFO: Going to AdminController. [] []
[2016-08-14 20:06:52] name.INFO: Passed AdminController security check. [] []
[2016-08-14 20:06:52] name.INFO: Passing to PlacementController. [] []
[2016-08-14 20:07:01] name.INFO: Going to AdminController. [] []
[2016-08-14 20:07:01] name.INFO: Passed AdminController security check. [] []
[2016-08-14 20:07:01] name.INFO: Passing to UserController. [] []
[2016-08-14 20:07:48] name.INFO: Going to AdminController. [] []
[2016-08-14 20:07:48] name.INFO: Passed AdminController security check. [] []
[2016-08-14 20:07:48] name.INFO: AdminController:default - display Index. [] []
[2016-08-14 20:07:55] name.INFO: Going to AdminController. [] []
[2016-08-14 20:07:55] name.INFO: Passed AdminController security check. [] []
[2016-08-14 20:07:55] name.INFO: Passing to UserController. [] []
[2016-08-14 20:08:39] name.INFO: Going to DashboardController. [] []
[2016-08-14 20:08:39] name.INFO: Passed DashboardController security check. [] []
[2016-08-14 20:08:39] name.INFO: DashboardController:default - display Dashboard. [] []
[2016-08-14 20:22:39] name.INFO: Going to DashboardController. [] []
[2016-08-14 20:22:39] name.INFO: Passed DashboardController security check. [] []
[2016-08-14 20:22:39] name.INFO: DashboardController:default - display Dashboard. [] []
[2016-08-14 20:24:20] name.INFO: Going to DashboardController. [] []
[2016-08-14 20:24:20] name.INFO: Passed DashboardController security check. [] []
[2016-08-14 20:24:21] name.INFO: DashboardController:default - display Dashboard. [] []
[2016-08-14 20:25:04] name.INFO: Going to DashboardController. [] []
[2016-08-14 20:25:04] name.INFO: Passed DashboardController security check. [] []
[2016-08-14 20:25:04] name.INFO: DashboardController:default - display Dashboard. [] []
[2016-08-14 20:51:35] name.INFO: Going to DashboardController. [] []
[2016-08-14 20:51:35] name.INFO: Passed DashboardController security check. [] []
[2016-08-14 20:51:35] name.INFO: DashboardController:default - display Dashboard. [] []
[2016-08-14 20:51:46] name.INFO: Going to AdminController. [] []
[2016-08-14 20:51:47] name.INFO: Passed AdminController security check. [] []
[2016-08-14 20:51:47] name.INFO: AdminController:default - display Index. [] []
[2016-08-14 20:52:16] name.INFO: Going to DashboardController. [] []
[2016-08-14 20:52:16] name.INFO: Passed DashboardController security check. [] []
[2016-08-14 20:52:16] name.INFO: DashboardController:default - display Dashboard. [] []
[2016-08-14 21:04:16] name.INFO: Going to DashboardController. [] []
[2016-08-14 21:04:16] name.INFO: Passed DashboardController security check. [] []
[2016-08-14 21:04:16] name.INFO: DashboardController:default - display Dashboard. [] []
[2016-08-14 21:04:22] name.INFO: Going to DashboardController. [] []
[2016-08-14 21:04:22] name.INFO: Passed DashboardController security check. [] []
[2016-08-14 21:04:22] name.INFO: DashboardController:default - display Dashboard. [] []
[2016-08-14 21:04:28] name.INFO: Going to AdminController. [] []
[2016-08-14 21:04:28] name.INFO: Passed AdminController security check. [] []
[2016-08-14 21:04:28] name.INFO: AdminController:default - display Index. [] []
[2016-08-14 21:04:34] name.INFO: Going to AdminController. [] []
[2016-08-14 21:04:34] name.INFO: Passed AdminController security check. [] []
[2016-08-14 21:04:34] name.INFO: AdminController:default - display Index. [] []
[2016-08-14 21:04:40] name.INFO: Going to AdminController. [] []
[2016-08-14 21:04:40] name.INFO: Passed AdminController security check. [] []
[2016-08-14 21:04:40] name.INFO: Passing to UserController. [] []
[2016-08-14 21:04:44] name.INFO: Going to AdminController. [] []
[2016-08-14 21:04:44] name.INFO: Passed AdminController security check. [] []
[2016-08-14 21:04:44] name.INFO: Passing to PlacementController. [] []
[2016-08-14 21:04:55] name.INFO: Going to AdminController. [] []
[2016-08-14 21:04:55] name.INFO: Passed AdminController security check. [] []
[2016-08-14 21:04:55] name.INFO: AdminController:default - display Index. [] []
[2016-08-14 21:07:07] name.INFO: Going to AdminController. [] []
[2016-08-14 21:07:07] name.INFO: Passed AdminController security check. [] []
[2016-08-14 21:07:07] name.INFO: AdminController:default - display Index. [] []
[2016-08-14 21:12:26] name.INFO: Going to AdminController. [] []
[2016-08-14 21:12:26] name.INFO: Passed AdminController security check. [] []
[2016-08-14 21:12:26] name.INFO: AdminController:default - display Index. [] []
[2016-08-14 21:13:49] name.INFO: Going to AdminController. [] []
[2016-08-14 21:13:49] name.INFO: Passed AdminController security check. [] []
[2016-08-14 21:13:49] name.INFO: AdminController:default - display Index. [] []
[2016-08-14 21:14:10] name.INFO: Going to DashboardController. [] []
[2016-08-14 21:14:10] name.INFO: Passed DashboardController security check. [] []
[2016-08-14 21:14:10] name.INFO: DashboardController:default - display Dashboard. [] []
[2016-08-14 21:14:15] name.INFO: Going to AdminController. [] []
[2016-08-14 21:14:15] name.INFO: Passed AdminController security check. [] []
[2016-08-14 21:14:15] name.INFO: AdminController:default - display Index. [] []
[2016-08-14 21:14:28] name.INFO: Going to AdminController. [] []
[2016-08-14 21:14:28] name.INFO: Passed AdminController security check. [] []
[2016-08-14 21:14:28] name.INFO: Passing to PlacementController. [] []
[2016-08-14 21:14:33] name.INFO: Going to AdminController. [] []
[2016-08-14 21:14:33] name.INFO: Passed AdminController security check. [] []
[2016-08-14 21:14:33] name.INFO: Passing to UserController. [] []
[2016-08-14 21:15:18] name.INFO: Going to DashboardController. [] []
[2016-08-14 21:15:18] name.INFO: Passed DashboardController security check. [] []
[2016-08-14 21:15:18] name.INFO: DashboardController:default - display Dashboard. [] []
[2016-08-14 21:15:30] name.INFO: Going to DashboardController. [] []
[2016-08-14 21:15:30] name.INFO: Passed DashboardController security check. [] []
[2016-08-14 21:15:30] name.INFO: DashboardController:default - display Dashboard. [] []
[2016-08-14 21:18:40] name.INFO: Going to DashboardController. [] []
[2016-08-14 21:18:40] name.INFO: Passed DashboardController security check. [] []
[2016-08-14 21:18:40] name.INFO: DashboardController:default - display Dashboard. [] []
[2016-08-14 21:19:45] name.INFO: Going to AdminController. [] []
[2016-08-14 21:19:45] name.INFO: Passed AdminController security check. [] []
[2016-08-14 21:19:45] name.INFO: AdminController:default - display Index. [] []
[2016-08-14 21:21:01] name.INFO: Going to AdminController. [] []
[2016-08-14 21:21:01] name.INFO: Passed AdminController security check. [] []
[2016-08-14 21:21:01] name.INFO: AdminController:default - display Index. [] []
[2016-08-14 21:21:36] name.INFO: Going to AdminController. [] []
[2016-08-14 21:21:36] name.INFO: Passed AdminController security check. [] []
[2016-08-14 21:21:36] name.INFO: AdminController:default - display Index. [] []
[2016-08-14 21:22:11] name.INFO: Going to AdminController. [] []
[2016-08-14 21:22:11] name.INFO: Passed AdminController security check. [] []
[2016-08-14 21:22:11] name.INFO: AdminController:default - display Index. [] []
[2016-08-14 21:23:18] name.INFO: Going to AdminController. [] []
[2016-08-14 21:23:18] name.INFO: Passed AdminController security check. [] []
[2016-08-14 21:23:18] name.INFO: AdminController:default - display Index. [] []
[2016-08-14 21:23:35] name.INFO: Going to DashboardController. [] []
[2016-08-14 21:23:35] name.INFO: Passed DashboardController security check. [] []
[2016-08-14 21:23:35] name.INFO: DashboardController:default - display Dashboard. [] []
[2016-08-14 21:24:34] name.INFO: Going to DashboardController. [] []
[2016-08-14 21:24:34] name.INFO: Passed DashboardController security check. [] []
[2016-08-14 21:24:34] name.INFO: DashboardController:default - display Dashboard. [] []
[2016-08-14 21:24:58] name.INFO: Going to AdminController. [] []
[2016-08-14 21:24:58] name.INFO: Passed AdminController security check. [] []
[2016-08-14 21:24:58] name.INFO: AdminController:default - display Index. [] []
[2016-08-14 21:28:44] name.INFO: Going to AdminController. [] []
[2016-08-14 21:28:44] name.INFO: Passed AdminController security check. [] []
[2016-08-14 21:28:44] name.INFO: AdminController:default - display Index. [] []
[2016-08-14 21:28:53] name.INFO: Going to DashboardController. [] []
[2016-08-14 21:28:53] name.INFO: Passed DashboardController security check. [] []
[2016-08-14 21:28:53] name.INFO: DashboardController:default - display Dashboard. [] []
[2016-08-14 21:31:19] name.INFO: Going to DashboardController. [] []
[2016-08-14 21:31:19] name.INFO: Passed DashboardController security check. [] []
[2016-08-14 21:31:19] name.INFO: DashboardController:default - display Dashboard. [] []
[2016-08-14 21:37:50] name.INFO: Going to DashboardController. [] []
[2016-08-14 21:37:50] name.INFO: Passed DashboardController security check. [] []
[2016-08-14 21:37:50] name.INFO: DashboardController:default - display Dashboard. [] []
[2016-08-14 21:39:16] name.INFO: Going to DashboardController. [] []
[2016-08-14 21:39:16] name.INFO: Passed DashboardController security check. [] []
[2016-08-14 21:39:16] name.INFO: DashboardController:default - display Dashboard. [] []
[2016-08-14 21:40:48] name.INFO: Going to DashboardController. [] []
[2016-08-14 21:40:48] name.INFO: Passed DashboardController security check. [] []
[2016-08-14 21:40:48] name.INFO: DashboardController:default - display Dashboard. [] []
[2016-08-14 21:46:43] name.INFO: A form was posted. [] []
[2016-08-14 21:46:43] name.INFO: We have a registration form. [] []
[2016-08-14 21:52:53] name.INFO: A form was posted. [] []
[2016-08-14 21:52:53] name.INFO: We have a registration form. [] []
[2016-08-14 21:53:34] name.INFO: A form was posted. [] []
[2016-08-14 21:53:34] name.INFO: We have a registration form. [] []
[2016-08-14 22:10:24] name.INFO: A form was posted. [] []
[2016-08-14 22:10:24] name.INFO: We have a registration form. [] []
[2016-08-14 22:12:19] name.INFO: Going to AdminController. [] []
[2016-08-14 22:12:19] name.INFO: Passed AdminController security check. [] []
[2016-08-14 22:12:19] name.INFO: AdminController:default - display Index. [] []
[2016-08-14 22:12:23] name.INFO: Going to AdminController. [] []
[2016-08-14 22:12:23] name.INFO: Passed AdminController security check. [] []
[2016-08-14 22:12:23] name.INFO: Passing to UserController. [] []
[2016-08-14 22:20:54] name.INFO: A form was posted. [] []
[2016-08-14 22:20:54] name.INFO: We have a registration form. [] []
[2016-08-14 23:01:48] name.INFO: A form was posted. [] []
[2016-08-14 23:01:48] name.INFO: We have a registration form. [] []
[2016-08-14 23:28:22] name.INFO: Going to DashboardController. [] []
[2016-08-14 23:28:22] name.INFO: Passed DashboardController security check. [] []
[2016-08-14 23:28:22] name.INFO: DashboardController:default - display Dashboard. [] []
[2016-08-14 23:32:17] name.INFO: Going to DashboardController. [] []
[2016-08-14 23:32:17] name.INFO: Passed DashboardController security check. [] []
[2016-08-14 23:32:17] name.INFO: DashboardController:default - display Dashboard. [] []
[2016-08-15 00:41:58] name.INFO: Going to DashboardController. [] []
[2016-08-15 00:42:13] name.INFO: Going to DashboardController. [] []
[2016-08-15 00:42:13] name.INFO: Passed DashboardController security check. [] []
[2016-08-15 00:42:13] name.INFO: DashboardController:default - display Dashboard. [] []
[2016-08-15 00:49:22] name.INFO: Going to DashboardController. [] []
[2016-08-15 00:49:22] name.INFO: Passed DashboardController security check. [] []
[2016-08-15 00:49:22] name.INFO: DashboardController:default - display Dashboard. [] []
[2016-08-15 00:49:40] name.INFO: Going to DashboardController. [] []
[2016-08-15 00:49:40] name.INFO: Passed DashboardController security check. [] []
[2016-08-15 00:49:40] name.INFO: DashboardController:default - display Dashboard. [] []
[2016-08-15 00:49:46] name.INFO: Going to DashboardController. [] []
[2016-08-15 00:49:47] name.INFO: Passed DashboardController security check. [] []
[2016-08-15 00:49:47] name.INFO: DashboardController:default - display Dashboard. [] []
[2016-08-15 00:50:42] name.INFO: Going to DashboardController. [] []
[2016-08-15 00:50:42] name.INFO: Passed DashboardController security check. [] []
[2016-08-15 00:50:42] name.INFO: DashboardController:default - display Dashboard. [] []
[2016-08-15 00:50:54] name.INFO: Going to AdminController. [] []
[2016-08-15 00:50:54] name.INFO: Passed AdminController security check. [] []
[2016-08-15 00:50:54] name.INFO: AdminController:default - display Index. [] []
[2016-08-15 00:50:57] name.INFO: Going to AdminController. [] []
[2016-08-15 00:50:57] name.INFO: Passed AdminController security check. [] []
[2016-08-15 00:50:57] name.INFO: Passing to UserController. [] []
[2016-08-15 11:08:05] name.INFO: Going to DashboardController. [] []
[2016-08-15 11:08:05] name.INFO: Passed DashboardController security check. [] []
[2016-08-15 11:08:05] name.INFO: DashboardController:default - display Dashboard. [] []
[2016-08-15 11:08:17] name.INFO: Going to DashboardController. [] []
[2016-08-15 11:08:17] name.INFO: Passed DashboardController security check. [] []
[2016-08-15 11:08:17] name.INFO: DashboardController:default - display Dashboard. [] []
[2016-08-15 11:08:26] name.INFO: Going to AdminController. [] []
[2016-08-15 11:08:26] name.INFO: Passed AdminController security check. [] []
[2016-08-15 11:08:26] name.INFO: AdminController:default - display Index. [] []
[2016-08-15 11:08:31] name.INFO: Going to AdminController. [] []
[2016-08-15 11:08:31] name.INFO: Passed AdminController security check. [] []
[2016-08-15 11:08:31] name.INFO: Passing to UserController. [] []
[2016-08-15 11:08:44] name.INFO: Going to AdminController. [] []
[2016-08-15 11:08:44] name.INFO: Passed AdminController security check. [] []
[2016-08-15 11:08:44] name.INFO: Passing to PlacementController. [] []
[2016-08-15 11:08:50] name.INFO: Going to AdminController. [] []
[2016-08-15 11:08:50] name.INFO: Passed AdminController security check. [] []
[2016-08-15 11:08:50] name.INFO: Passing to UserController. [] []
[2016-08-15 11:21:00] name.INFO: Going to DashboardController. [] []
[2016-08-15 11:21:13] name.INFO: Going to DashboardController. [] []
[2016-08-15 11:21:13] name.INFO: Passed DashboardController security check. [] []
[2016-08-15 11:21:13] name.INFO: DashboardController:default - display Dashboard. [] []
[2016-08-15 11:24:57] name.INFO: Going to AdminController. [] []
[2016-08-15 11:24:57] name.INFO: Passed AdminController security check. [] []
[2016-08-15 11:24:57] name.INFO: AdminController:default - display Index. [] []
[2016-08-15 15:04:52] name.INFO: Going to DashboardController. [] []
[2016-08-15 15:04:52] name.INFO: Passed DashboardController security check. [] []
[2016-08-15 15:04:52] name.INFO: DashboardController:default - display Dashboard. [] []
[2016-08-15 15:04:58] name.INFO: Going to AdminController. [] []
[2016-08-15 15:04:59] name.INFO: Passed AdminController security check. [] []
[2016-08-15 15:04:59] name.INFO: AdminController:default - display Index. [] []
[2016-08-15 15:05:05] name.INFO: Going to AdminController. [] []
[2016-08-15 15:05:05] name.INFO: Passed AdminController security check. [] []
[2016-08-15 15:05:05] name.INFO: Passing to UserController. [] []
[2016-08-15 15:05:10] name.INFO: Going to AdminController. [] []
[2016-08-15 15:05:10] name.INFO: Passed AdminController security check. [] []
[2016-08-15 15:05:10] name.INFO: Passing to PlacementController. [] []
[2016-08-15 15:05:19] name.INFO: Going to AdminController. [] []
[2016-08-15 15:05:19] name.INFO: Passed AdminController security check. [] []
[2016-08-15 15:05:19] name.INFO: Passing to PlacementController. [] []
[2016-08-15 15:05:28] name.INFO: Going to AdminController. [] []
[2016-08-15 15:05:28] name.INFO: Passed AdminController security check. [] []
[2016-08-15 15:05:28] name.INFO: Passing to PlacementController. [] []
[2016-08-15 15:05:29] name.INFO: Going to AdminController. [] []
[2016-08-15 15:05:29] name.INFO: Passed AdminController security check. [] []
[2016-08-15 15:05:29] name.INFO: Passing to PlacementController. [] []
[2016-08-15 15:05:36] name.INFO: Going to AdminController. [] []
[2016-08-15 15:05:36] name.INFO: Passed AdminController security check. [] []
[2016-08-15 15:05:36] name.INFO: Passing to PlacementController. [] []
[2016-08-15 15:07:29] name.INFO: Going to AdminController. [] []
[2016-08-15 15:07:29] name.INFO: Passed AdminController security check. [] []
[2016-08-15 15:07:29] name.INFO: Passing to PlacementController. [] []
[2016-08-15 15:07:29] name.INFO: Going to AdminController. [] []
[2016-08-15 15:07:29] name.INFO: Passed AdminController security check. [] []
[2016-08-15 15:07:29] name.INFO: Passing to PlacementController. [] []
[2016-08-15 15:12:21] name.INFO: Going to AdminController. [] []
[2016-08-15 15:12:21] name.INFO: Passed AdminController security check. [] []
[2016-08-15 15:12:21] name.INFO: Passing to UserController. [] []
[2016-08-15 15:12:34] name.INFO: Going to DashboardController. [] []
[2016-08-15 15:12:34] name.INFO: Passed DashboardController security check. [] []
[2016-08-15 15:12:34] name.INFO: DashboardController:default - display Dashboard. [] []
[2016-08-15 15:13:57] name.INFO: Going to DashboardController. [] []
[2016-08-15 15:13:57] name.INFO: Passed DashboardController security check. [] []
[2016-08-15 15:13:57] name.INFO: DashboardController:default - display Dashboard. [] []
[2016-08-15 15:14:04] name.INFO: Going to DashboardController. [] []
[2016-08-15 15:14:04] name.INFO: Passed DashboardController security check. [] []
[2016-08-15 15:14:04] name.INFO: DashboardController:default - display Dashboard. [] []
[2016-08-15 15:33:52] name.INFO: Going to DashboardController. [] []
[2016-08-15 15:34:02] name.INFO: Going to DashboardController. [] []
[2016-08-15 15:35:24] name.INFO: Going to DashboardController. [] []
[2016-08-15 15:35:24] name.INFO: DashboardController:default - display Dashboard. [] []
[2016-08-15 15:45:01] name.INFO: Going to DashboardController. [] []
[2016-08-15 15:45:01] name.INFO: DashboardController:default - display Dashboard. [] []
[2016-08-15 16:32:42] name.INFO: A form was posted. [] []
[2016-08-15 16:32:42] name.INFO: We have a registration form. [] []
[2016-08-15 17:15:04] name.INFO: Going to DashboardController. [] []
[2016-08-15 17:15:04] name.INFO: DashboardController:default - display Dashboard. [] []
[2016-08-15 17:15:13] name.INFO: Going to AdminController. [] []
[2016-08-15 17:15:13] name.INFO: Passed AdminController security check. [] []
[2016-08-15 17:15:13] name.INFO: AdminController:default - display Index. [] []
[2016-08-15 17:15:21] name.INFO: Going to AdminController. [] []
[2016-08-15 17:15:21] name.INFO: Passed AdminController security check. [] []
[2016-08-15 17:15:21] name.INFO: Passing to UserController. [] []
[2016-08-15 17:32:30] name.INFO: Going to AdminController. [] []
[2016-08-15 17:32:30] name.INFO: Passed AdminController security check. [] []
[2016-08-15 17:32:30] name.INFO: AdminController:default - display Index. [] []
[2016-08-15 18:56:36] name.INFO: Going to AdminController. [] []
[2016-08-15 18:56:40] name.INFO: Going to AdminController. [] []
[2016-08-15 18:56:40] name.INFO: Going to AdminController. [] []
[2016-08-15 18:56:44] name.INFO: Going to DashboardController. [] []
[2016-08-15 18:56:44] name.INFO: DashboardController:default - display Dashboard. [] []
[2016-08-15 18:56:46] name.INFO: Going to DashboardController. [] []
[2016-08-15 18:56:46] name.INFO: DashboardController:default - display Dashboard. [] []
[2016-08-15 18:57:26] name.INFO: Going to DashboardController. [] []
[2016-08-15 18:57:26] name.INFO: DashboardController:default - display Dashboard. [] []
[2016-08-15 18:57:40] name.INFO: Going to AdminController. [] []
[2016-08-15 18:57:41] name.INFO: Passed AdminController security check. [] []
[2016-08-15 18:57:41] name.INFO: AdminController:default - display Index. [] []
[2016-08-15 18:57:48] name.INFO: Going to AdminController. [] []
[2016-08-15 18:57:48] name.INFO: Passed AdminController security check. [] []
[2016-08-15 18:57:48] name.INFO: Passing to UserController. [] []
[2016-08-15 18:57:53] name.INFO: Going to AdminController. [] []
[2016-08-15 18:57:54] name.INFO: Passed AdminController security check. [] []
[2016-08-15 18:57:54] name.INFO: Passing to UserController. [] []
[2016-08-15 18:58:32] name.INFO: Going to AdminController. [] []
[2016-08-15 18:58:32] name.INFO: Passed AdminController security check. [] []
[2016-08-15 18:58:32] name.INFO: Passing to UserController. [] []
[2016-08-15 18:58:41] name.INFO: Going to AdminController. [] []
[2016-08-15 18:58:41] name.INFO: Passed AdminController security check. [] []
[2016-08-15 18:58:41] name.INFO: Passing to UserController. [] []
[2016-08-15 18:58:50] name.INFO: Going to AdminController. [] []
[2016-08-15 18:58:50] name.INFO: Passed AdminController security check. [] []
[2016-08-15 18:58:50] name.INFO: Passing to UserController. [] []
[2016-08-15 18:58:55] name.INFO: Going to AdminController. [] []
[2016-08-15 18:58:56] name.INFO: Passed AdminController security check. [] []
[2016-08-15 18:58:56] name.INFO: Passing to UserController. [] []
[2016-08-15 18:59:14] name.INFO: Going to AdminController. [] []
[2016-08-15 18:59:14] name.INFO: Passed AdminController security check. [] []
[2016-08-15 18:59:14] name.INFO: Passing to UserController. [] []
[2016-08-15 19:01:28] name.INFO: Going to AdminController. [] []
[2016-08-15 19:01:28] name.INFO: Passed AdminController security check. [] []
[2016-08-15 19:01:28] name.INFO: Passing to UserController. [] []
[2016-08-15 19:01:33] name.INFO: Going to AdminController. [] []
[2016-08-15 19:01:33] name.INFO: Passed AdminController security check. [] []
[2016-08-15 19:01:33] name.INFO: Passing to UserController. [] []
[2016-08-15 19:01:47] name.INFO: Going to AdminController. [] []
[2016-08-15 19:01:47] name.INFO: Passed AdminController security check. [] []
[2016-08-15 19:01:47] name.INFO: Passing to UserController. [] []
[2016-08-15 19:01:50] name.INFO: Going to AdminController. [] []
[2016-08-15 19:01:50] name.INFO: Passed AdminController security check. [] []
[2016-08-15 19:01:50] name.INFO: Passing to UserController. [] []
[2016-08-15 19:01:57] name.INFO: Going to AdminController. [] []
[2016-08-15 19:01:57] name.INFO: Passed AdminController security check. [] []
[2016-08-15 19:01:57] name.INFO: Passing to PlacementController. [] []
[2016-08-15 19:02:03] name.INFO: Going to AdminController. [] []
[2016-08-15 19:02:03] name.INFO: Passed AdminController security check. [] []
[2016-08-15 19:02:03] name.INFO: Passing to PlacementController. [] []
[2016-08-15 19:03:14] name.INFO: Going to AdminController. [] []
[2016-08-15 19:03:14] name.INFO: Passed AdminController security check. [] []
[2016-08-15 19:03:14] name.INFO: Passing to PlacementController. [] []
[2016-08-15 19:03:14] name.INFO: Going to AdminController. [] []
[2016-08-15 19:03:14] name.INFO: Passed AdminController security check. [] []
[2016-08-15 19:03:14] name.INFO: Passing to PlacementController. [] []
[2016-08-15 19:03:22] name.INFO: Going to AdminController. [] []
[2016-08-15 19:03:23] name.INFO: Passed AdminController security check. [] []
[2016-08-15 19:03:23] name.INFO: Passing to PlacementController. [] []
[2016-08-15 19:03:44] name.INFO: Going to AdminController. [] []
[2016-08-15 19:03:44] name.INFO: Passed AdminController security check. [] []
[2016-08-15 19:03:44] name.INFO: Passing to PlacementController. [] []
[2016-08-15 19:03:44] name.INFO: Going to AdminController. [] []
[2016-08-15 19:03:44] name.INFO: Passed AdminController security check. [] []
[2016-08-15 19:03:44] name.INFO: Passing to PlacementController. [] []
[2016-08-15 19:03:52] name.INFO: Going to AdminController. [] []
[2016-08-15 19:03:52] name.INFO: Passed AdminController security check. [] []
[2016-08-15 19:03:52] name.INFO: Passing to PlacementController. [] []
[2016-08-15 19:03:54] name.INFO: Going to AdminController. [] []
[2016-08-15 19:03:54] name.INFO: Passed AdminController security check. [] []
[2016-08-15 19:03:54] name.INFO: Passing to PlacementController. [] []
[2016-08-15 19:45:12] name.INFO: Going to DashboardController. [] []
[2016-08-15 19:45:12] name.INFO: DashboardController:default - display Dashboard. [] []
[2016-08-15 19:45:26] name.INFO: Going to AdminController. [] []
[2016-08-15 19:45:26] name.INFO: Passed AdminController security check. [] []
[2016-08-15 19:45:26] name.INFO: AdminController:default - display Index. [] []
[2016-08-15 19:45:32] name.INFO: Going to AdminController. [] []
[2016-08-15 19:45:33] name.INFO: Passed AdminController security check. [] []
[2016-08-15 19:45:33] name.INFO: Passing to UserController. [] []
[2016-08-15 19:45:52] name.INFO: Going to AdminController. [] []
[2016-08-15 19:45:52] name.INFO: Passed AdminController security check. [] []
[2016-08-15 19:45:52] name.INFO: Passing to UserController. [] []
[2016-08-15 19:46:02] name.INFO: Going to AdminController. [] []
[2016-08-15 19:46:02] name.INFO: Passed AdminController security check. [] []
[2016-08-15 19:46:02] name.INFO: Passing to UserController. [] []
[2016-08-15 19:46:06] name.INFO: Going to AdminController. [] []
[2016-08-15 19:46:07] name.INFO: Passed AdminController security check. [] []
[2016-08-15 19:46:07] name.INFO: Passing to UserController. [] []
[2016-08-15 19:46:12] name.INFO: Going to AdminController. [] []
[2016-08-15 19:46:12] name.INFO: Passed AdminController security check. [] []
[2016-08-15 19:46:12] name.INFO: Passing to UserController. [] []
[2016-08-15 19:46:21] name.INFO: Going to AdminController. [] []
[2016-08-15 19:46:21] name.INFO: Passed AdminController security check. [] []
[2016-08-15 19:46:21] name.INFO: Passing to UserController. [] []
[2016-08-15 19:46:22] name.INFO: Going to AdminController. [] []
[2016-08-15 19:46:22] name.INFO: Passed AdminController security check. [] []
[2016-08-15 19:46:22] name.INFO: Passing to UserController. [] []
[2016-08-15 19:46:27] name.INFO: Going to AdminController. [] []
[2016-08-15 19:46:27] name.INFO: Passed AdminController security check. [] []
[2016-08-15 19:46:27] name.INFO: Passing to PlacementController. [] []
[2016-08-15 19:46:47] name.INFO: Going to AdminController. [] []
[2016-08-15 19:46:48] name.INFO: Passed AdminController security check. [] []
[2016-08-15 19:46:48] name.INFO: Passing to PlacementController. [] []
[2016-08-15 19:47:01] name.INFO: Going to AdminController. [] []
[2016-08-15 19:47:01] name.INFO: Passed AdminController security check. [] []
[2016-08-15 19:47:01] name.INFO: Passing to PlacementController. [] []
[2016-08-15 19:47:01] name.INFO: Going to AdminController. [] []
[2016-08-15 19:47:02] name.INFO: Passed AdminController security check. [] []
[2016-08-15 19:47:02] name.INFO: Passing to PlacementController. [] []
